{"numTotalTestSuites":625,"numPassedTestSuites":609,"numFailedTestSuites":16,"numPendingTestSuites":0,"numTotalTests":1834,"numPassedTests":1812,"numFailedTests":22,"numPendingTests":0,"numTodoTests":0,"snapshot":{"added":0,"failure":false,"filesAdded":0,"filesRemoved":0,"filesRemovedList":[],"filesUnmatched":0,"filesUpdated":0,"matched":0,"total":0,"unchecked":1,"uncheckedKeysByFile":[{"filePath":"/Users/dudujarra/Documents/ELIFOOT/tests/integration/snapshot-50seasons-lab.test.js","keys":["🧪 Snapshot Pipeline: 50 Seasons (Sanity) > valida estrutura, economia e saúde da engine em 50 temporadas 1"]}],"unmatched":0,"updated":0,"didUpdate":false},"startTime":1779009582506,"success":false,"testResults":[{"assertionResults":[{"ancestorTitles":["BUG-001: scoutRegionAction alias"],"fullName":"BUG-001: scoutRegionAction alias engine deve ter o método scoutRegionAction","status":"passed","title":"engine deve ter o método scoutRegionAction","duration":87.287125,"failureMessages":[],"meta":{},"tags":[]},{"ancestorTitles":["BUG-001: scoutRegionAction alias"],"fullName":"BUG-001: scoutRegionAction alias scoutRegionAction deve retornar o mesmo resultado que doScouting","status":"passed","title":"scoutRegionAction deve retornar o mesmo resultado que doScouting","duration":46.35862500000002,"failureMessages":[],"meta":{},"tags":[]},{"ancestorTitles":["BUG-002: signScoutedPlayer"],"fullName":"BUG-002: signScoutedPlayer engine deve ter o método signScoutedPlayer","status":"passed","title":"engine deve ter o método signScoutedPlayer","duration":41.20391700000005,"failureMessages":[],"meta":{},"tags":[]},{"ancestorTitles":["BUG-002: signScoutedPlayer"],"fullName":"BUG-002: signScoutedPlayer deve retornar erro para index inválido","status":"passed","title":"deve retornar erro para index inválido","duration":46.08499999999998,"failureMessages":[],"meta":{},"tags":[]},{"ancestorTitles":["BUG-002: signScoutedPlayer"],"fullName":"BUG-002: signScoutedPlayer deve retornar erro quando não há jogadores scoutados","status":"passed","title":"deve retornar erro quando não há jogadores scoutados","duration":40.326791000000014,"failureMessages":[],"meta":{},"tags":[]},{"ancestorTitles":["BUG-002: signScoutedPlayer"],"fullName":"BUG-002: signScoutedPlayer deve contratar jogador scoutado com sucesso","status":"passed","title":"deve contratar jogador scoutado com sucesso","duration":38.973333000000025,"failureMessages":[],"meta":{},"tags":[]},{"ancestorTitles":["BUG-002: signScoutedPlayer"],"fullName":"BUG-002: signScoutedPlayer deve rejeitar se saldo insuficiente","status":"passed","title":"deve rejeitar se saldo insuficiente","duration":41.394916999999964,"failureMessages":[],"meta":{},"tags":[]},{"ancestorTitles":["BUG-003: Speed ref pattern"],"fullName":"BUG-003: Speed ref pattern useRef pattern exists in MatchView (verified by build)","status":"passed","title":"useRef pattern exists in MatchView (verified by build)","duration":37.56516700000009,"failureMessages":[],"meta":{},"tags":[]},{"ancestorTitles":["BUG-004: State reset on fulltime"],"fullName":"BUG-004: State reset on fulltime verified by build — setPreStep(1) and setTalkDone(false) in fulltime button","status":"passed","title":"verified by build — setPreStep(1) and setTalkDone(false) in fulltime button","duration":40.59887499999991,"failureMessages":[],"meta":{},"tags":[]},{"ancestorTitles":["BUG-005: No dead imports"],"fullName":"BUG-005: No dead imports build should succeed without generateCounterOffer import","status":"passed","title":"build should succeed without generateCounterOffer import","duration":37.327042000000006,"failureMessages":[],"meta":{},"tags":[]},{"ancestorTitles":["BUG-006: sellPlayer"],"fullName":"BUG-006: sellPlayer engine deve ter o método sellPlayer","status":"passed","title":"engine deve ter o método sellPlayer","duration":43.128874999999994,"failureMessages":[],"meta":{},"tags":[]},{"ancestorTitles":["BUG-006: sellPlayer"],"fullName":"BUG-006: sellPlayer deve vender jogador reserva com sucesso","status":"passed","title":"deve vender jogador reserva com sucesso","duration":38.99879199999998,"failureMessages":[],"meta":{},"tags":[]},{"ancestorTitles":["BUG-006: sellPlayer"],"fullName":"BUG-006: sellPlayer deve rejeitar venda de titular","status":"passed","title":"deve rejeitar venda de titular","duration":37.1792089999999,"failureMessages":[],"meta":{},"tags":[]},{"ancestorTitles":["BUG-006: sellPlayer"],"fullName":"BUG-006: sellPlayer deve rejeitar jogador inexistente","status":"passed","title":"deve rejeitar jogador inexistente","duration":39.06158300000004,"failureMessages":[],"meta":{},"tags":[]},{"ancestorTitles":["Training feedback — applyTraining returns improvements"],"fullName":"Training feedback — applyTraining returns improvements deve retornar array improvements","status":"passed","title":"deve retornar array improvements","duration":35.359459000000015,"failureMessages":[],"meta":{},"tags":[]},{"ancestorTitles":["Training feedback — applyTraining returns improvements"],"fullName":"Training feedback — applyTraining returns improvements improvements devem conter name e changes","status":"passed","title":"improvements devem conter name e changes","duration":39.91383300000007,"failureMessages":[],"meta":{},"tags":[]},{"ancestorTitles":["Training feedback — applyTraining returns improvements"],"fullName":"Training feedback — applyTraining returns improvements msg deve conter 📈 quando há melhorias","status":"passed","title":"msg deve conter 📈 quando há melhorias","duration":38.31633399999998,"failureMessages":[],"meta":{},"tags":[]}],"startTime":1779009695760,"endTime":1779009696489.3164,"status":"passed","message":"","name":"/Users/dudujarra/Documents/ELIFOOT/tests/engine.test.js"},{"assertionResults":[{"ancestorTitles":["BUG-003: SpeedRef pattern in MatchView"],"fullName":"BUG-003: SpeedRef pattern in MatchView deve usar speedRef ao invés de speed no setInterval","status":"failed","title":"deve usar speedRef ao invés de speed no setInterval","duration":5.107500000000002,"failureMessages":["AssertionError: expected 'import { useState, useCallback } from…' to contain 'speedRef.current'\n    at /Users/dudujarra/Documents/ELIFOOT/tests/static-checks.test.js:17:27\n    at file:///Users/dudujarra/Documents/ELIFOOT/node_modules/@vitest/runner/dist/chunk-artifact.js:302:11\n    at file:///Users/dudujarra/Documents/ELIFOOT/node_modules/@vitest/runner/dist/chunk-artifact.js:1903:26\n    at file:///Users/dudujarra/Documents/ELIFOOT/node_modules/@vitest/runner/dist/chunk-artifact.js:2326:20\n    at new Promise (<anonymous>)\n    at runWithCancel (file:///Users/dudujarra/Documents/ELIFOOT/node_modules/@vitest/runner/dist/chunk-artifact.js:2323:10)\n    at file:///Users/dudujarra/Documents/ELIFOOT/node_modules/@vitest/runner/dist/chunk-artifact.js:2305:20\n    at new Promise (<anonymous>)\n    at runWithTimeout (file:///Users/dudujarra/Documents/ELIFOOT/node_modules/@vitest/runner/dist/chunk-artifact.js:2272:10)\n    at file:///Users/dudujarra/Documents/ELIFOOT/node_modules/@vitest/runner/dist/chunk-artifact.js:2955:64"],"meta":{},"tags":[]},{"ancestorTitles":["BUG-003: SpeedRef pattern in MatchView"],"fullName":"BUG-003: SpeedRef pattern in MatchView deve sincronizar speedRef quando speed muda","status":"failed","title":"deve sincronizar speedRef quando speed muda","duration":1.9839580000000012,"failureMessages":["AssertionError: expected 'import { useState, useCallback } from…' to contain 'speedRef.current = speed'\n    at /Users/dudujarra/Documents/ELIFOOT/tests/static-checks.test.js:21:27\n    at file:///Users/dudujarra/Documents/ELIFOOT/node_modules/@vitest/runner/dist/chunk-artifact.js:302:11\n    at file:///Users/dudujarra/Documents/ELIFOOT/node_modules/@vitest/runner/dist/chunk-artifact.js:1903:26\n    at file:///Users/dudujarra/Documents/ELIFOOT/node_modules/@vitest/runner/dist/chunk-artifact.js:2326:20\n    at new Promise (<anonymous>)\n    at runWithCancel (file:///Users/dudujarra/Documents/ELIFOOT/node_modules/@vitest/runner/dist/chunk-artifact.js:2323:10)\n    at file:///Users/dudujarra/Documents/ELIFOOT/node_modules/@vitest/runner/dist/chunk-artifact.js:2305:20\n    at new Promise (<anonymous>)\n    at runWithTimeout (file:///Users/dudujarra/Documents/ELIFOOT/node_modules/@vitest/runner/dist/chunk-artifact.js:2272:10)\n    at file:///Users/dudujarra/Documents/ELIFOOT/node_modules/@vitest/runner/dist/chunk-artifact.js:2955:64"],"meta":{},"tags":[]},{"ancestorTitles":["BUG-003: SpeedRef pattern in MatchView"],"fullName":"BUG-003: SpeedRef pattern in MatchView deve ter tickerStateRef para restart","status":"failed","title":"deve ter tickerStateRef para restart","duration":0.7980419999999953,"failureMessages":["AssertionError: expected 'import { useState, useCallback } from…' to contain 'tickerStateRef'\n    at /Users/dudujarra/Documents/ELIFOOT/tests/static-checks.test.js:25:27\n    at file:///Users/dudujarra/Documents/ELIFOOT/node_modules/@vitest/runner/dist/chunk-artifact.js:302:11\n    at file:///Users/dudujarra/Documents/ELIFOOT/node_modules/@vitest/runner/dist/chunk-artifact.js:1903:26\n    at file:///Users/dudujarra/Documents/ELIFOOT/node_modules/@vitest/runner/dist/chunk-artifact.js:2326:20\n    at new Promise (<anonymous>)\n    at runWithCancel (file:///Users/dudujarra/Documents/ELIFOOT/node_modules/@vitest/runner/dist/chunk-artifact.js:2323:10)\n    at file:///Users/dudujarra/Documents/ELIFOOT/node_modules/@vitest/runner/dist/chunk-artifact.js:2305:20\n    at new Promise (<anonymous>)\n    at runWithTimeout (file:///Users/dudujarra/Documents/ELIFOOT/node_modules/@vitest/runner/dist/chunk-artifact.js:2272:10)\n    at file:///Users/dudujarra/Documents/ELIFOOT/node_modules/@vitest/runner/dist/chunk-artifact.js:2955:64"],"meta":{},"tags":[]},{"ancestorTitles":["BUG-004: Reset preStep/talkDone no fulltime"],"fullName":"BUG-004: Reset preStep/talkDone no fulltime botão dashboard deve resetar preStep","status":"failed","title":"botão dashboard deve resetar preStep","duration":1.0316660000000013,"failureMessages":["AssertionError: expected 'import { useState, useCallback } from…' to contain 'setPreStep(1)'\n    at /Users/dudujarra/Documents/ELIFOOT/tests/static-checks.test.js:33:27\n    at file:///Users/dudujarra/Documents/ELIFOOT/node_modules/@vitest/runner/dist/chunk-artifact.js:302:11\n    at file:///Users/dudujarra/Documents/ELIFOOT/node_modules/@vitest/runner/dist/chunk-artifact.js:1903:26\n    at file:///Users/dudujarra/Documents/ELIFOOT/node_modules/@vitest/runner/dist/chunk-artifact.js:2326:20\n    at new Promise (<anonymous>)\n    at runWithCancel (file:///Users/dudujarra/Documents/ELIFOOT/node_modules/@vitest/runner/dist/chunk-artifact.js:2323:10)\n    at file:///Users/dudujarra/Documents/ELIFOOT/node_modules/@vitest/runner/dist/chunk-artifact.js:2305:20\n    at new Promise (<anonymous>)\n    at runWithTimeout (file:///Users/dudujarra/Documents/ELIFOOT/node_modules/@vitest/runner/dist/chunk-artifact.js:2272:10)\n    at file:///Users/dudujarra/Documents/ELIFOOT/node_modules/@vitest/runner/dist/chunk-artifact.js:2955:64"],"meta":{},"tags":[]},{"ancestorTitles":["BUG-004: Reset preStep/talkDone no fulltime"],"fullName":"BUG-004: Reset preStep/talkDone no fulltime botão dashboard deve resetar talkDone","status":"failed","title":"botão dashboard deve resetar talkDone","duration":1.1975829999999945,"failureMessages":["AssertionError: expected 'import { useState, useCallback } from…' to contain 'setTalkDone(false)'\n    at /Users/dudujarra/Documents/ELIFOOT/tests/static-checks.test.js:37:27\n    at file:///Users/dudujarra/Documents/ELIFOOT/node_modules/@vitest/runner/dist/chunk-artifact.js:302:11\n    at file:///Users/dudujarra/Documents/ELIFOOT/node_modules/@vitest/runner/dist/chunk-artifact.js:1903:26\n    at file:///Users/dudujarra/Documents/ELIFOOT/node_modules/@vitest/runner/dist/chunk-artifact.js:2326:20\n    at new Promise (<anonymous>)\n    at runWithCancel (file:///Users/dudujarra/Documents/ELIFOOT/node_modules/@vitest/runner/dist/chunk-artifact.js:2323:10)\n    at file:///Users/dudujarra/Documents/ELIFOOT/node_modules/@vitest/runner/dist/chunk-artifact.js:2305:20\n    at new Promise (<anonymous>)\n    at runWithTimeout (file:///Users/dudujarra/Documents/ELIFOOT/node_modules/@vitest/runner/dist/chunk-artifact.js:2272:10)\n    at file:///Users/dudujarra/Documents/ELIFOOT/node_modules/@vitest/runner/dist/chunk-artifact.js:2955:64"],"meta":{},"tags":[]},{"ancestorTitles":["BUG-004: Reset preStep/talkDone no fulltime"],"fullName":"BUG-004: Reset preStep/talkDone no fulltime reset deve estar na mesma linha do changeView(getDashboardView())","status":"failed","title":"reset deve estar na mesma linha do changeView(getDashboardView())","duration":0.41808299999999576,"failureMessages":["AssertionError: expected undefined to be defined\n    at /Users/dudujarra/Documents/ELIFOOT/tests/static-checks.test.js:44:27\n    at file:///Users/dudujarra/Documents/ELIFOOT/node_modules/@vitest/runner/dist/chunk-artifact.js:302:11\n    at file:///Users/dudujarra/Documents/ELIFOOT/node_modules/@vitest/runner/dist/chunk-artifact.js:1903:26\n    at file:///Users/dudujarra/Documents/ELIFOOT/node_modules/@vitest/runner/dist/chunk-artifact.js:2326:20\n    at new Promise (<anonymous>)\n    at runWithCancel (file:///Users/dudujarra/Documents/ELIFOOT/node_modules/@vitest/runner/dist/chunk-artifact.js:2323:10)\n    at file:///Users/dudujarra/Documents/ELIFOOT/node_modules/@vitest/runner/dist/chunk-artifact.js:2305:20\n    at new Promise (<anonymous>)\n    at runWithTimeout (file:///Users/dudujarra/Documents/ELIFOOT/node_modules/@vitest/runner/dist/chunk-artifact.js:2272:10)\n    at file:///Users/dudujarra/Documents/ELIFOOT/node_modules/@vitest/runner/dist/chunk-artifact.js:2955:64"],"meta":{},"tags":[]},{"ancestorTitles":["BUG-005: No dead imports in MarketView"],"fullName":"BUG-005: No dead imports in MarketView não deve importar generateCounterOffer","status":"passed","title":"não deve importar generateCounterOffer","duration":0.1457500000000067,"failureMessages":[],"meta":{},"tags":[]},{"ancestorTitles":["BUG-006: MarketView deve usar engine.sellPlayer"],"fullName":"BUG-006: MarketView deve usar engine.sellPlayer deve chamar engine.sellPlayer para vender","status":"passed","title":"deve chamar engine.sellPlayer para vender","duration":0.05958400000000097,"failureMessages":[],"meta":{},"tags":[]},{"ancestorTitles":["BUG-006: MarketView deve usar engine.sellPlayer"],"fullName":"BUG-006: MarketView deve usar engine.sellPlayer não deve mutar team.squad diretamente","status":"passed","title":"não deve mutar team.squad diretamente","duration":0.07854199999999878,"failureMessages":[],"meta":{},"tags":[]},{"ancestorTitles":["Engine methods completeness"],"fullName":"Engine methods completeness deve ter scoutRegionAction","status":"passed","title":"deve ter scoutRegionAction","duration":0.07716699999998866,"failureMessages":[],"meta":{},"tags":[]},{"ancestorTitles":["Engine methods completeness"],"fullName":"Engine methods completeness deve ter signScoutedPlayer","status":"passed","title":"deve ter signScoutedPlayer","duration":0.052499999999994884,"failureMessages":[],"meta":{},"tags":[]},{"ancestorTitles":["Engine methods completeness"],"fullName":"Engine methods completeness deve ter sellPlayer","status":"passed","title":"deve ter sellPlayer","duration":0.04295799999999872,"failureMessages":[],"meta":{},"tags":[]},{"ancestorTitles":["Engine methods completeness"],"fullName":"Engine methods completeness deve ter doScouting","status":"passed","title":"deve ter doScouting","duration":0.03733400000000131,"failureMessages":[],"meta":{},"tags":[]},{"ancestorTitles":["BUG-007: MarketView handleBuy não deve usar filter assignment"],"fullName":"BUG-007: MarketView handleBuy não deve usar filter assignment não deve reatribuir engine.marketPlayers via filter","status":"passed","title":"não deve reatribuir engine.marketPlayers via filter","duration":0.04445800000000588,"failureMessages":[],"meta":{},"tags":[]},{"ancestorTitles":["BUG-007: MarketView handleBuy não deve usar filter assignment"],"fullName":"BUG-007: MarketView handleBuy não deve usar filter assignment deve usar splice para remover do market","status":"passed","title":"deve usar splice para remover do market","duration":0.04291699999998855,"failureMessages":[],"meta":{},"tags":[]},{"ancestorTitles":["BUG-008: SquadView handleSell via engine"],"fullName":"BUG-008: SquadView handleSell via engine deve usar engine.sellPlayer","status":"passed","title":"deve usar engine.sellPlayer","duration":0.050791000000003805,"failureMessages":[],"meta":{},"tags":[]},{"ancestorTitles":["BUG-008: SquadView handleSell via engine"],"fullName":"BUG-008: SquadView handleSell via engine não deve mutar team.squad diretamente","status":"passed","title":"não deve mutar team.squad diretamente","duration":0.04870800000000486,"failureMessages":[],"meta":{},"tags":[]},{"ancestorTitles":["BUG-008: SquadView handleSell via engine"],"fullName":"BUG-008: SquadView handleSell via engine não deve mutar team.balance diretamente","status":"passed","title":"não deve mutar team.balance diretamente","duration":0.06529199999999946,"failureMessages":[],"meta":{},"tags":[]},{"ancestorTitles":["BUG-009: skipToEnd não duplica eventos"],"fullName":"BUG-009: skipToEnd não duplica eventos skipToEnd deve fazer merge ao invés de sobrescrever","status":"failed","title":"skipToEnd deve fazer merge ao invés de sobrescrever","duration":0.7852500000000049,"failureMessages":["AssertionError: expected 'import { useState, useCallback } from…' to contain 'existingMinutes'\n    at /Users/dudujarra/Documents/ELIFOOT/tests/static-checks.test.js:121:27\n    at file:///Users/dudujarra/Documents/ELIFOOT/node_modules/@vitest/runner/dist/chunk-artifact.js:302:11\n    at file:///Users/dudujarra/Documents/ELIFOOT/node_modules/@vitest/runner/dist/chunk-artifact.js:1903:26\n    at file:///Users/dudujarra/Documents/ELIFOOT/node_modules/@vitest/runner/dist/chunk-artifact.js:2326:20\n    at new Promise (<anonymous>)\n    at runWithCancel (file:///Users/dudujarra/Documents/ELIFOOT/node_modules/@vitest/runner/dist/chunk-artifact.js:2323:10)\n    at file:///Users/dudujarra/Documents/ELIFOOT/node_modules/@vitest/runner/dist/chunk-artifact.js:2305:20\n    at new Promise (<anonymous>)\n    at runWithTimeout (file:///Users/dudujarra/Documents/ELIFOOT/node_modules/@vitest/runner/dist/chunk-artifact.js:2272:10)\n    at file:///Users/dudujarra/Documents/ELIFOOT/node_modules/@vitest/runner/dist/chunk-artifact.js:2955:64"],"meta":{},"tags":[]},{"ancestorTitles":["BUG-009: skipToEnd não duplica eventos"],"fullName":"BUG-009: skipToEnd não duplica eventos skipToEnd deve filtrar por startMin","status":"failed","title":"skipToEnd deve filtrar por startMin","duration":0.9166670000000039,"failureMessages":["AssertionError: expected 'import { useState, useCallback } from…' to contain 'e.minute >= startMin'\n    at /Users/dudujarra/Documents/ELIFOOT/tests/static-checks.test.js:125:27\n    at file:///Users/dudujarra/Documents/ELIFOOT/node_modules/@vitest/runner/dist/chunk-artifact.js:302:11\n    at file:///Users/dudujarra/Documents/ELIFOOT/node_modules/@vitest/runner/dist/chunk-artifact.js:1903:26\n    at file:///Users/dudujarra/Documents/ELIFOOT/node_modules/@vitest/runner/dist/chunk-artifact.js:2326:20\n    at new Promise (<anonymous>)\n    at runWithCancel (file:///Users/dudujarra/Documents/ELIFOOT/node_modules/@vitest/runner/dist/chunk-artifact.js:2323:10)\n    at file:///Users/dudujarra/Documents/ELIFOOT/node_modules/@vitest/runner/dist/chunk-artifact.js:2305:20\n    at new Promise (<anonymous>)\n    at runWithTimeout (file:///Users/dudujarra/Documents/ELIFOOT/node_modules/@vitest/runner/dist/chunk-artifact.js:2272:10)\n    at file:///Users/dudujarra/Documents/ELIFOOT/node_modules/@vitest/runner/dist/chunk-artifact.js:2955:64"],"meta":{},"tags":[]}],"startTime":1779009584730,"endTime":1779009584743.9167,"status":"failed","message":"","name":"/Users/dudujarra/Documents/ELIFOOT/tests/static-checks.test.js"},{"assertionResults":[{"ancestorTitles":["SPEC-050: Audio Soundtrack System"],"fullName":"SPEC-050: Audio Soundtrack System generation: 72+ tracks created (rule 1)","status":"passed","title":"generation: 72+ tracks created (rule 1)","duration":0.6277919999999995,"failureMessages":[],"meta":{},"tags":[]},{"ancestorTitles":["SPEC-050: Audio Soundtrack System"],"fullName":"SPEC-050: Audio Soundtrack System categories: context=4, preMatch=2, match=50, postMatch=9, narrative=6, admin=1 (rule 2)","status":"passed","title":"categories: context=4, preMatch=2, match=50, postMatch=9, narrative=6, admin=1 (rule 2)","duration":0.1591669999999965,"failureMessages":[],"meta":{},"tags":[]},{"ancestorTitles":["SPEC-050: Audio Soundtrack System"],"fullName":"SPEC-050: Audio Soundtrack System vertentes: distribution within bounds (rule 3)","status":"passed","title":"vertentes: distribution within bounds (rule 3)","duration":0.12129199999999685,"failureMessages":[],"meta":{},"tags":[]},{"ancestorTitles":["SPEC-050: Audio Soundtrack System"],"fullName":"SPEC-050: Audio Soundtrack System metadata: all tracks have required fields (rule 4)","status":"passed","title":"metadata: all tracks have required fields (rule 4)","duration":7.300083999999998,"failureMessages":[],"meta":{},"tags":[]},{"ancestorTitles":["SPEC-050: Audio Soundtrack System"],"fullName":"SPEC-050: Audio Soundtrack System midi: valid MIDI data generated (rule 5)","status":"passed","title":"midi: valid MIDI data generated (rule 5)","duration":0.2798749999999899,"failureMessages":[],"meta":{},"tags":[]},{"ancestorTitles":["SPEC-050: Audio Soundtrack System"],"fullName":"SPEC-050: Audio Soundtrack System metadata: all sunoPrompts valid (rule 6)","status":"passed","title":"metadata: all sunoPrompts valid (rule 6)","duration":4.652208000000002,"failureMessages":[],"meta":{},"tags":[]},{"ancestorTitles":["SPEC-050: Audio Soundtrack System"],"fullName":"SPEC-050: Audio Soundtrack System validation: no duplicate track IDs (rule 7)","status":"passed","title":"validation: no duplicate track IDs (rule 7)","duration":0.11762500000000387,"failureMessages":[],"meta":{},"tags":[]},{"ancestorTitles":["SPEC-050: Audio Soundtrack System"],"fullName":"SPEC-050: Audio Soundtrack System synthesis: vertentes have correct BPM ranges (rule 8)","status":"passed","title":"synthesis: vertentes have correct BPM ranges (rule 8)","duration":0.8771660000000026,"failureMessages":[],"meta":{},"tags":[]},{"ancestorTitles":["SPEC-050: Audio Soundtrack System"],"fullName":"SPEC-050: Audio Soundtrack System audio: durations within valid range (rule 9)","status":"passed","title":"audio: durations within valid range (rule 9)","duration":1.4310409999999933,"failureMessages":[],"meta":{},"tags":[]},{"ancestorTitles":["SPEC-050: Audio Soundtrack System"],"fullName":"SPEC-050: Audio Soundtrack System manifest: category sum = track count (rule 10)","status":"passed","title":"manifest: category sum = track count (rule 10)","duration":0.11104100000000017,"failureMessages":[],"meta":{},"tags":[]},{"ancestorTitles":["SPEC-050: Audio Soundtrack System"],"fullName":"SPEC-050: Audio Soundtrack System forbidden: no generation failure (forbidden 1)","status":"passed","title":"forbidden: no generation failure (forbidden 1)","duration":0.05045800000000611,"failureMessages":[],"meta":{},"tags":[]},{"ancestorTitles":["SPEC-050: Audio Soundtrack System"],"fullName":"SPEC-050: Audio Soundtrack System forbidden: suno prompts include vertente name (forbidden 2)","status":"passed","title":"forbidden: suno prompts include vertente name (forbidden 2)","duration":0.7731250000000074,"failureMessages":[],"meta":{},"tags":[]},{"ancestorTitles":["SPEC-050: Audio Soundtrack System"],"fullName":"SPEC-050: Audio Soundtrack System batch: SunoPromptGenerator generates all prompts","status":"passed","title":"batch: SunoPromptGenerator generates all prompts","duration":0.08304200000000606,"failureMessages":[],"meta":{},"tags":[]},{"ancestorTitles":["SPEC-050: Audio Soundtrack System"],"fullName":"SPEC-050: Audio Soundtrack System context: context tracks have fixed vertentes","status":"passed","title":"context: context tracks have fixed vertentes","duration":0.39854200000000617,"failureMessages":[],"meta":{},"tags":[]},{"ancestorTitles":["SPEC-050: Audio Soundtrack System"],"fullName":"SPEC-050: Audio Soundtrack System match: match tracks have momentum personalization","status":"passed","title":"match: match tracks have momentum personalization","duration":0.3537500000000051,"failureMessages":[],"meta":{},"tags":[]},{"ancestorTitles":["SPEC-050: Audio Soundtrack System"],"fullName":"SPEC-050: Audio Soundtrack System narrative: all 6 narrative moments present","status":"passed","title":"narrative: all 6 narrative moments present","duration":0.11741600000000574,"failureMessages":[],"meta":{},"tags":[]}],"startTime":1779009703975,"endTime":1779009703993.1174,"status":"passed","message":"","name":"/Users/dudujarra/Documents/ELIFOOT/tests/audio/audio-generator.test.js"},{"assertionResults":[{"ancestorTitles":["Engine Golden Master (5 seasons, seed=42)"],"fullName":"Engine Golden Master (5 seasons, seed=42) 5-season simulation snapshot is deterministic","status":"passed","title":"5-season simulation snapshot is deterministic","duration":3838.2025830000002,"failureMessages":[],"meta":{},"tags":[]},{"ancestorTitles":["Engine Golden Master (5 seasons, seed=42)"],"fullName":"Engine Golden Master (5 seasons, seed=42) determinism: same seed produces identical key state across instances","status":"passed","title":"determinism: same seed produces identical key state across instances","duration":2796.9051249999998,"failureMessages":[],"meta":{},"tags":[]},{"ancestorTitles":["Engine Golden Master (5 seasons, seed=42)"],"fullName":"Engine Golden Master (5 seasons, seed=42) initGame produces deterministic team count","status":"passed","title":"initGame produces deterministic team count","duration":45.67450000000008,"failureMessages":[],"meta":{},"tags":[]},{"ancestorTitles":["Engine Golden Master (5 seasons, seed=42)"],"fullName":"Engine Golden Master (5 seasons, seed=42) 40-week simulation completes without throwing","status":"passed","title":"40-week simulation completes without throwing","duration":954.8436250000004,"failureMessages":[],"meta":{},"tags":[]}],"startTime":1779009622527,"endTime":1779009630162.8435,"status":"passed","message":"","name":"/Users/dudujarra/Documents/ELIFOOT/tests/characterization/engine-golden.test.js"},{"assertionResults":[{"ancestorTitles":["Save round-trip preservation (RFCT-002)"],"fullName":"Save round-trip preservation (RFCT-002) baseline fixture matches expected shape","status":"passed","title":"baseline fixture matches expected shape","duration":658.161375,"failureMessages":[],"meta":{},"tags":[]},{"ancestorTitles":["Save round-trip preservation (RFCT-002)"],"fullName":"Save round-trip preservation (RFCT-002) engine state survives JSON round-trip","status":"passed","title":"engine state survives JSON round-trip","duration":543.4131669999999,"failureMessages":[],"meta":{},"tags":[]},{"ancestorTitles":["Save round-trip preservation (RFCT-002)"],"fullName":"Save round-trip preservation (RFCT-002) BUG-021: Tournament prototypes restored after round-trip","status":"passed","title":"BUG-021: Tournament prototypes restored after round-trip","duration":328.17545799999994,"failureMessages":[],"meta":{},"tags":[]},{"ancestorTitles":["Save round-trip preservation (RFCT-002)"],"fullName":"Save round-trip preservation (RFCT-002) Tournament classes preserved via __class tag","status":"passed","title":"Tournament classes preserved via __class tag","duration":73.12712499999998,"failureMessages":[],"meta":{},"tags":[]},{"ancestorTitles":["Save round-trip preservation (RFCT-002)"],"fullName":"Save round-trip preservation (RFCT-002) class instance fields skipped (staff/board/legacy)","status":"passed","title":"class instance fields skipped (staff/board/legacy)","duration":72.56283400000007,"failureMessages":[],"meta":{},"tags":[]},{"ancestorTitles":["Save round-trip preservation (RFCT-002)"],"fullName":"Save round-trip preservation (RFCT-002) round-trip preserves teams structure (deep)","status":"passed","title":"round-trip preserves teams structure (deep)","duration":237.04716599999983,"failureMessages":[],"meta":{},"tags":[]}],"startTime":1779009690229,"endTime":1779009692142.047,"status":"passed","message":"","name":"/Users/dudujarra/Documents/ELIFOOT/tests/characterization/save-roundtrip.test.js"},{"assertionResults":[{"ancestorTitles":["§23 GDD Automated Design Checklist","Player Fantasy & Framework"],"fullName":"§23 GDD Automated Design Checklist Player Fantasy & Framework §1.3 Bartle types — Achiever systems exist","status":"passed","title":"§1.3 Bartle types — Achiever systems exist","duration":0.714999999999975,"failureMessages":[],"meta":{},"tags":[]},{"ancestorTitles":["§23 GDD Automated Design Checklist","Player Fantasy & Framework"],"fullName":"§23 GDD Automated Design Checklist Player Fantasy & Framework §1.2 DDA — DifficultyModes exist","status":"passed","title":"§1.2 DDA — DifficultyModes exist","duration":0.08783299999998917,"failureMessages":[],"meta":{},"tags":[]},{"ancestorTitles":["§23 GDD Automated Design Checklist","Player Fantasy & Framework"],"fullName":"§23 GDD Automated Design Checklist Player Fantasy & Framework §12.4 Octalysis — at least 2 drives per challenge mode","status":"passed","title":"§12.4 Octalysis — at least 2 drives per challenge mode","duration":0.14145800000000008,"failureMessages":[],"meta":{},"tags":[]},{"ancestorTitles":["§23 GDD Automated Design Checklist","Engine Integrity"],"fullName":"§23 GDD Automated Design Checklist Engine Integrity §6.1 seeded PRNG — rng.js exists, no Math.random in engine","status":"passed","title":"§6.1 seeded PRNG — rng.js exists, no Math.random in engine","duration":1.9586249999999836,"failureMessages":[],"meta":{},"tags":[]},{"ancestorTitles":["§23 GDD Automated Design Checklist","Engine Integrity"],"fullName":"§23 GDD Automated Design Checklist Engine Integrity §10 architecture — engine has zero DOM imports","status":"passed","title":"§10 architecture — engine has zero DOM imports","duration":3.1703339999999685,"failureMessages":[],"meta":{},"tags":[]},{"ancestorTitles":["§23 GDD Automated Design Checklist","Gameplay Completeness"],"fullName":"§23 GDD Automated Design Checklist Gameplay Completeness §16.2 ceremonies — TrophyCeremony component exists","status":"passed","title":"§16.2 ceremonies — TrophyCeremony component exists","duration":0.05979199999995899,"failureMessages":[],"meta":{},"tags":[]},{"ancestorTitles":["§23 GDD Automated Design Checklist","Gameplay Completeness"],"fullName":"§23 GDD Automated Design Checklist Gameplay Completeness §19.1 progressive disclosure — ViewUnlockSystem has conditions","status":"passed","title":"§19.1 progressive disclosure — ViewUnlockSystem has conditions","duration":0.04941700000000537,"failureMessages":[],"meta":{},"tags":[]},{"ancestorTitles":["§23 GDD Automated Design Checklist","Gameplay Completeness"],"fullName":"§23 GDD Automated Design Checklist Gameplay Completeness §14.2 challenge modes — at least 5 pre-set modes","status":"passed","title":"§14.2 challenge modes — at least 5 pre-set modes","duration":0.03649999999998954,"failureMessages":[],"meta":{},"tags":[]},{"ancestorTitles":["§23 GDD Automated Design Checklist","Gameplay Completeness"],"fullName":"§23 GDD Automated Design Checklist Gameplay Completeness §12.1 core loop speed — formations + tactics + training exist","status":"passed","title":"§12.1 core loop speed — formations + tactics + training exist","duration":0.08429200000000492,"failureMessages":[],"meta":{},"tags":[]},{"ancestorTitles":["§23 GDD Automated Design Checklist","Gameplay Completeness"],"fullName":"§23 GDD Automated Design Checklist Gameplay Completeness §20.3 interrupt events — InterruptEvents.js exists","status":"passed","title":"§20.3 interrupt events — InterruptEvents.js exists","duration":0.06429100000002563,"failureMessages":[],"meta":{},"tags":[]},{"ancestorTitles":["§23 GDD Automated Design Checklist","Gameplay Completeness"],"fullName":"§23 GDD Automated Design Checklist Gameplay Completeness §22.5 season awards — engine has seasonAwards capability","status":"passed","title":"§22.5 season awards — engine has seasonAwards capability","duration":0.2361659999999688,"failureMessages":[],"meta":{},"tags":[]},{"ancestorTitles":["§23 GDD Automated Design Checklist","Gameplay Completeness"],"fullName":"§23 GDD Automated Design Checklist Gameplay Completeness §22.7 accessibility — prefers-reduced-motion in CSS","status":"passed","title":"§22.7 accessibility — prefers-reduced-motion in CSS","duration":1.8847920000000045,"failureMessages":[],"meta":{},"tags":[]},{"ancestorTitles":["§23 GDD Automated Design Checklist","Gameplay Completeness"],"fullName":"§23 GDD Automated Design Checklist Gameplay Completeness §8 narrative — ChronicleSystem + NarrativeService exist","status":"passed","title":"§8 narrative — ChronicleSystem + NarrativeService exist","duration":0.08141599999999016,"failureMessages":[],"meta":{},"tags":[]}],"startTime":1779009702972,"endTime":1779009702981.0813,"status":"passed","message":"","name":"/Users/dudujarra/Documents/ELIFOOT/tests/design/gdd-checklist.test.js"},{"assertionResults":[{"ancestorTitles":["AutoPlay Full Feature Audit — 5 Season Smoke","1. ML/Brain Q-Learning"],"fullName":"AutoPlay Full Feature Audit — 5 Season Smoke 1. ML/Brain Q-Learning brain exists and has personality","status":"passed","title":"brain exists and has personality","duration":0.6958749999994325,"failureMessages":[],"meta":{},"tags":[]},{"ancestorTitles":["AutoPlay Full Feature Audit — 5 Season Smoke","1. ML/Brain Q-Learning"],"fullName":"AutoPlay Full Feature Audit — 5 Season Smoke 1. ML/Brain Q-Learning brain made Q-table updates (learning)","status":"passed","title":"brain made Q-table updates (learning)","duration":0.089708000000428,"failureMessages":[],"meta":{},"tags":[]},{"ancestorTitles":["AutoPlay Full Feature Audit — 5 Season Smoke","1. ML/Brain Q-Learning"],"fullName":"AutoPlay Full Feature Audit — 5 Season Smoke 1. ML/Brain Q-Learning Q-table has multiple states (not collapsed)","status":"passed","title":"Q-table has multiple states (not collapsed)","duration":0.06574999999975262,"failureMessages":[],"meta":{},"tags":[]},{"ancestorTitles":["AutoPlay Full Feature Audit — 5 Season Smoke","1. ML/Brain Q-Learning"],"fullName":"AutoPlay Full Feature Audit — 5 Season Smoke 1. ML/Brain Q-Learning brain has emotional engine attached","status":"passed","title":"brain has emotional engine attached","duration":0.06370900000001711,"failureMessages":[],"meta":{},"tags":[]},{"ancestorTitles":["AutoPlay Full Feature Audit — 5 Season Smoke","1. ML/Brain Q-Learning"],"fullName":"AutoPlay Full Feature Audit — 5 Season Smoke 1. ML/Brain Q-Learning brain has episodic memory entries","status":"passed","title":"brain has episodic memory entries","duration":0.06329200000072888,"failureMessages":[],"meta":{},"tags":[]},{"ancestorTitles":["AutoPlay Full Feature Audit — 5 Season Smoke","2. Mercado & Transfers"],"fullName":"AutoPlay Full Feature Audit — 5 Season Smoke 2. Mercado & Transfers BUY_OFFER decisions were made (bot scouts and buys)","status":"passed","title":"BUY_OFFER decisions were made (bot scouts and buys)","duration":0.06658400000014808,"failureMessages":[],"meta":{},"tags":[]},{"ancestorTitles":["AutoPlay Full Feature Audit — 5 Season Smoke","2. Mercado & Transfers"],"fullName":"AutoPlay Full Feature Audit — 5 Season Smoke 2. Mercado & Transfers MARKET_INQUIRY decisions were made (valuation probes)","status":"passed","title":"MARKET_INQUIRY decisions were made (valuation probes)","duration":0.057999999999992724,"failureMessages":[],"meta":{},"tags":[]},{"ancestorTitles":["AutoPlay Full Feature Audit — 5 Season Smoke","3. Tática & Formação"],"fullName":"AutoPlay Full Feature Audit — 5 Season Smoke 3. Tática & Formação TACTIC_CHANGE decisions exist (BUG-RC3 observability fix)","status":"passed","title":"TACTIC_CHANGE decisions exist (BUG-RC3 observability fix)","duration":0.05533400000058464,"failureMessages":[],"meta":{},"tags":[]},{"ancestorTitles":["AutoPlay Full Feature Audit — 5 Season Smoke","3. Tática & Formação"],"fullName":"AutoPlay Full Feature Audit — 5 Season Smoke 3. Tática & Formação tactic changes log source (brain vs heuristic)","status":"passed","title":"tactic changes log source (brain vs heuristic)","duration":0.13233300000047166,"failureMessages":[],"meta":{},"tags":[]},{"ancestorTitles":["AutoPlay Full Feature Audit — 5 Season Smoke","3. Tática & Formação"],"fullName":"AutoPlay Full Feature Audit — 5 Season Smoke 3. Tática & Formação FORMATION decisions were made (periodic rotation)","status":"passed","title":"FORMATION decisions were made (periodic rotation)","duration":0.07750000000032742,"failureMessages":[],"meta":{},"tags":[]},{"ancestorTitles":["AutoPlay Full Feature Audit — 5 Season Smoke","4. Treinamento"],"fullName":"AutoPlay Full Feature Audit — 5 Season Smoke 4. Treinamento TRAIN decisions were logged","status":"passed","title":"TRAIN decisions were logged","duration":0.05170899999939138,"failureMessages":[],"meta":{},"tags":[]},{"ancestorTitles":["AutoPlay Full Feature Audit — 5 Season Smoke","4. Treinamento"],"fullName":"AutoPlay Full Feature Audit — 5 Season Smoke 4. Treinamento training uses ML brain picking (picked field)","status":"passed","title":"training uses ML brain picking (picked field)","duration":0.060833999999886146,"failureMessages":[],"meta":{},"tags":[]},{"ancestorTitles":["AutoPlay Full Feature Audit — 5 Season Smoke","4. Treinamento"],"fullName":"AutoPlay Full Feature Audit — 5 Season Smoke 4. Treinamento training is throttled (not every week — BUG-029 fix)","status":"passed","title":"training is throttled (not every week — BUG-029 fix)","duration":0.05400000000008731,"failureMessages":[],"meta":{},"tags":[]},{"ancestorTitles":["AutoPlay Full Feature Audit — 5 Season Smoke","5. Finanças"],"fullName":"AutoPlay Full Feature Audit — 5 Season Smoke 5. Finanças peak/lowest balance tracked","status":"passed","title":"peak/lowest balance tracked","duration":0.0748330000005808,"failureMessages":[],"meta":{},"tags":[]},{"ancestorTitles":["AutoPlay Full Feature Audit — 5 Season Smoke","6. Squad Management"],"fullName":"AutoPlay Full Feature Audit — 5 Season Smoke 6. Squad Management RENEW_CONTRACT system works","status":"passed","title":"RENEW_CONTRACT system works","duration":0.04520799999954761,"failureMessages":[],"meta":{},"tags":[]},{"ancestorTitles":["AutoPlay Full Feature Audit — 5 Season Smoke","7. Narrativa & Eventos"],"fullName":"AutoPlay Full Feature Audit — 5 Season Smoke 7. Narrativa & Eventos NARRATIVE_EVENT fired (weekEvents processing)","status":"passed","title":"NARRATIVE_EVENT fired (weekEvents processing)","duration":0.04150000000026921,"failureMessages":[],"meta":{},"tags":[]},{"ancestorTitles":["AutoPlay Full Feature Audit — 5 Season Smoke","7. Narrativa & Eventos"],"fullName":"AutoPlay Full Feature Audit — 5 Season Smoke 7. Narrativa & Eventos TEAM_TALK fired","status":"passed","title":"TEAM_TALK fired","duration":0.044417000000066764,"failureMessages":[],"meta":{},"tags":[]},{"ancestorTitles":["AutoPlay Full Feature Audit — 5 Season Smoke","7. Narrativa & Eventos"],"fullName":"AutoPlay Full Feature Audit — 5 Season Smoke 7. Narrativa & Eventos SCARCITY_WINDOW (transfer deadline) detected","status":"passed","title":"SCARCITY_WINDOW (transfer deadline) detected","duration":0.04329200000029232,"failureMessages":[],"meta":{},"tags":[]},{"ancestorTitles":["AutoPlay Full Feature Audit — 5 Season Smoke","8. Observabilidade"],"fullName":"AutoPlay Full Feature Audit — 5 Season Smoke 8. Observabilidade seasonHistory exists and has enriched data","status":"passed","title":"seasonHistory exists and has enriched data","duration":0.12320799999997689,"failureMessages":[],"meta":{},"tags":[]},{"ancestorTitles":["AutoPlay Full Feature Audit — 5 Season Smoke","8. Observabilidade"],"fullName":"AutoPlay Full Feature Audit — 5 Season Smoke 8. Observabilidade decision buffer is NOT saturated by routine events (BUG-RC2 fix)","status":"passed","title":"decision buffer is NOT saturated by routine events (BUG-RC2 fix)","duration":0.06312499999967258,"failureMessages":[],"meta":{},"tags":[]},{"ancestorTitles":["AutoPlay Full Feature Audit — 5 Season Smoke","8. Observabilidade"],"fullName":"AutoPlay Full Feature Audit — 5 Season Smoke 8. Observabilidade strategic decisions are preserved in buffer","status":"passed","title":"strategic decisions are preserved in buffer","duration":0.06395799999972951,"failureMessages":[],"meta":{},"tags":[]},{"ancestorTitles":["AutoPlay Full Feature Audit — 5 Season Smoke","8. Observabilidade"],"fullName":"AutoPlay Full Feature Audit — 5 Season Smoke 8. Observabilidade decisions include season number (BUG-RC2 fix)","status":"passed","title":"decisions include season number (BUG-RC2 fix)","duration":0.045458000000508036,"failureMessages":[],"meta":{},"tags":[]},{"ancestorTitles":["AutoPlay Full Feature Audit — 5 Season Smoke","9. Paridade Humana"],"fullName":"AutoPlay Full Feature Audit — 5 Season Smoke 9. Paridade Humana bot exercises at least 7 out of 9 human actions in 5 seasons","status":"passed","title":"bot exercises at least 7 out of 9 human actions in 5 seasons","duration":0.2593329999999696,"failureMessages":[],"meta":{},"tags":[]},{"ancestorTitles":["AutoPlay Full Feature Audit — 5 Season Smoke","9. Paridade Humana"],"fullName":"AutoPlay Full Feature Audit — 5 Season Smoke 9. Paridade Humana bot has win/draw/loss distribution (realistic match outcomes)","status":"passed","title":"bot has win/draw/loss distribution (realistic match outcomes)","duration":0.06437499999992724,"failureMessages":[],"meta":{},"tags":[]},{"ancestorTitles":["AutoPlay Full Feature Audit — 5 Season Smoke","9. Paridade Humana"],"fullName":"AutoPlay Full Feature Audit — 5 Season Smoke 9. Paridade Humana bot completed 5 full seasons","status":"passed","title":"bot completed 5 full seasons","duration":0.030125000000225555,"failureMessages":[],"meta":{},"tags":[]},{"ancestorTitles":["AutoPlay Full Feature Audit — 5 Season Smoke","9. Paridade Humana"],"fullName":"AutoPlay Full Feature Audit — 5 Season Smoke 9. Paridade Humana [SUMMARY] print full audit report","status":"passed","title":"[SUMMARY] print full audit report","duration":0.2555419999998776,"failureMessages":[],"meta":{},"tags":[]}],"startTime":1779009667843,"endTime":1779009667845.2593,"status":"passed","message":"","name":"/Users/dudujarra/Documents/ELIFOOT/tests/integration/autoplay-full-audit.test.js"},{"assertionResults":[{"ancestorTitles":["AutoPlay GDD Parity Proof — 3 Season Smoke"],"fullName":"AutoPlay GDD Parity Proof — 3 Season Smoke ran 3+ seasons","status":"passed","title":"ran 3+ seasons","duration":0.8373329999999441,"failureMessages":[],"meta":{},"tags":[]},{"ancestorTitles":["AutoPlay GDD Parity Proof — 3 Season Smoke"],"fullName":"AutoPlay GDD Parity Proof — 3 Season Smoke zero crashes","status":"passed","title":"zero crashes","duration":0.13512500000024374,"failureMessages":[],"meta":{},"tags":[]},{"ancestorTitles":["AutoPlay GDD Parity Proof — 3 Season Smoke"],"fullName":"AutoPlay GDD Parity Proof — 3 Season Smoke decisions were logged (not empty)","status":"passed","title":"decisions were logged (not empty)","duration":0.09112499999991996,"failureMessages":[],"meta":{},"tags":[]},{"ancestorTitles":["AutoPlay GDD Parity Proof — 3 Season Smoke"],"fullName":"AutoPlay GDD Parity Proof — 3 Season Smoke §12.4 #6: SCARCITY_WINDOW fired (transfer deadlines)","status":"passed","title":"§12.4 #6: SCARCITY_WINDOW fired (transfer deadlines)","duration":0.09900000000016007,"failureMessages":[],"meta":{},"tags":[]},{"ancestorTitles":["AutoPlay GDD Parity Proof — 3 Season Smoke"],"fullName":"AutoPlay GDD Parity Proof — 3 Season Smoke §17: NARRATIVE_EVENTS fired (weekEvents)","status":"passed","title":"§17: NARRATIVE_EVENTS fired (weekEvents)","duration":0.10637499999984357,"failureMessages":[],"meta":{},"tags":[]},{"ancestorTitles":["AutoPlay GDD Parity Proof — 3 Season Smoke"],"fullName":"AutoPlay GDD Parity Proof — 3 Season Smoke §17: TEAM_TALK fired","status":"passed","title":"§17: TEAM_TALK fired","duration":0.07991700000002311,"failureMessages":[],"meta":{},"tags":[]},{"ancestorTitles":["AutoPlay GDD Parity Proof — 3 Season Smoke"],"fullName":"AutoPlay GDD Parity Proof — 3 Season Smoke §17: Session metrics tracked actions","status":"passed","title":"§17: Session metrics tracked actions","duration":0.12920900000017355,"failureMessages":[],"meta":{},"tags":[]},{"ancestorTitles":["AutoPlay GDD Parity Proof — 3 Season Smoke"],"fullName":"AutoPlay GDD Parity Proof — 3 Season Smoke §12.4 #8: DREAD or SUBSTITUTION system fired","status":"passed","title":"§12.4 #8: DREAD or SUBSTITUTION system fired","duration":0.07233299999961673,"failureMessages":[],"meta":{},"tags":[]},{"ancestorTitles":["AutoPlay GDD Parity Proof — 3 Season Smoke"],"fullName":"AutoPlay GDD Parity Proof — 3 Season Smoke §15.3: CONTRACT_RENEWAL detected","status":"passed","title":"§15.3: CONTRACT_RENEWAL detected","duration":0.07420799999999872,"failureMessages":[],"meta":{},"tags":[]},{"ancestorTitles":["AutoPlay GDD Parity Proof — 3 Season Smoke"],"fullName":"AutoPlay GDD Parity Proof — 3 Season Smoke training decisions made","status":"passed","title":"training decisions made","duration":0.10024999999995998,"failureMessages":[],"meta":{},"tags":[]},{"ancestorTitles":["AutoPlay GDD Parity Proof — 3 Season Smoke"],"fullName":"AutoPlay GDD Parity Proof — 3 Season Smoke formation/tactic decisions made","status":"passed","title":"formation/tactic decisions made","duration":0.09183299999995143,"failureMessages":[],"meta":{},"tags":[]},{"ancestorTitles":["AutoPlay GDD Parity Proof — 3 Season Smoke"],"fullName":"AutoPlay GDD Parity Proof — 3 Season Smoke [SUMMARY] print all decision counts for audit","status":"passed","title":"[SUMMARY] print all decision counts for audit","duration":0.6102499999997235,"failureMessages":[],"meta":{},"tags":[]}],"startTime":1779009671380,"endTime":1779009671381.6104,"status":"passed","message":"","name":"/Users/dudujarra/Documents/ELIFOOT/tests/integration/autoplay-gdd-proof.test.js"},{"assertionResults":[{"ancestorTitles":["SPEC-159 build budget"],"fullName":"SPEC-159 build budget dist/assets/ existe","status":"passed","title":"dist/assets/ existe","duration":0.6927079999999961,"failureMessages":[],"meta":{},"tags":[]},{"ancestorTitles":["SPEC-159 build budget"],"fullName":"SPEC-159 build budget initial chunk (index-*.js) ≤ 500KB","status":"passed","title":"initial chunk (index-*.js) ≤ 500KB","duration":0.4335000000000093,"failureMessages":[],"meta":{},"tags":[]},{"ancestorTitles":["SPEC-159 build budget"],"fullName":"SPEC-159 build budget nenhum chunk de código > 500KB","status":"passed","title":"nenhum chunk de código > 500KB","duration":0.8176659999999885,"failureMessages":[],"meta":{},"tags":[]},{"ancestorTitles":["SPEC-159 build budget"],"fullName":"SPEC-159 build budget total dist/assets/*.js ≤ 3.2MB","status":"passed","title":"total dist/assets/*.js ≤ 3.2MB","duration":0.43779100000000426,"failureMessages":[],"meta":{},"tags":[]}],"startTime":1779009707718,"endTime":1779009707720.8176,"status":"passed","message":"","name":"/Users/dudujarra/Documents/ELIFOOT/tests/integration/build-budget.test.js"},{"assertionResults":[{"ancestorTitles":["SPEC-164: E2E config integrity"],"fullName":"SPEC-164: E2E config integrity playwright.config.js existe e expõe webServer port 5173","status":"passed","title":"playwright.config.js existe e expõe webServer port 5173","duration":192.22441700000002,"failureMessages":[],"meta":{},"tags":[]},{"ancestorTitles":["SPEC-164: E2E config integrity"],"fullName":"SPEC-164: E2E config integrity package.json expõe scripts test:e2e, test:e2e:ui, test:e2e:install","status":"passed","title":"package.json expõe scripts test:e2e, test:e2e:ui, test:e2e:install","duration":0.21529199999997672,"failureMessages":[],"meta":{},"tags":[]},{"ancestorTitles":["SPEC-164: E2E config integrity"],"fullName":"SPEC-164: E2E config integrity os 6 arquivos .spec.js de SPEC-164 existem","status":"passed","title":"os 6 arquivos .spec.js de SPEC-164 existem","duration":0.43258300000002237,"failureMessages":[],"meta":{},"tags":[]},{"ancestorTitles":["SPEC-164: E2E config integrity"],"fullName":"SPEC-164: E2E config integrity CI workflow inclui job e2e","status":"passed","title":"CI workflow inclui job e2e","duration":0.2997500000000173,"failureMessages":[],"meta":{},"tags":[]},{"ancestorTitles":["SPEC-164: E2E config integrity"],"fullName":"SPEC-164: E2E config integrity nenhuma .spec.js E2E usa data-testid (zero acoplamento src↔testes)","status":"passed","title":"nenhuma .spec.js E2E usa data-testid (zero acoplamento src↔testes)","duration":0.2416249999999991,"failureMessages":[],"meta":{},"tags":[]}],"startTime":1779009702262,"endTime":1779009702455.4326,"status":"passed","message":"","name":"/Users/dudujarra/Documents/ELIFOOT/tests/integration/e2e-config.test.js"},{"assertionResults":[{"ancestorTitles":["SPEC-166: Lineage & Legacy panel — data plumbing","HallOfLegendsSystem.compute()"],"fullName":"SPEC-166: Lineage & Legacy panel — data plumbing HallOfLegendsSystem.compute() returns valid shape with empty input","status":"passed","title":"returns valid shape with empty input","duration":1.1413749999999254,"failureMessages":[],"meta":{},"tags":[]},{"ancestorTitles":["SPEC-166: Lineage & Legacy panel — data plumbing","HallOfLegendsSystem.compute()"],"fullName":"SPEC-166: Lineage & Legacy panel — data plumbing HallOfLegendsSystem.compute() fills slots when player data has apps/goals/base markers","status":"passed","title":"fills slots when player data has apps/goals/base markers","duration":0.21550000000002,"failureMessages":[],"meta":{},"tags":[]},{"ancestorTitles":["SPEC-166: Lineage & Legacy panel — data plumbing","HallOfLegendsSystem.compute()"],"fullName":"SPEC-166: Lineage & Legacy panel — data plumbing HallOfLegendsSystem.compute() SLOTS export lists all 6 keys","status":"passed","title":"SLOTS export lists all 6 keys","duration":0.5297919999998157,"failureMessages":[],"meta":{},"tags":[]},{"ancestorTitles":["SPEC-166: Lineage & Legacy panel — data plumbing","HallOfLegendsSystem.compute()"],"fullName":"SPEC-166: Lineage & Legacy panel — data plumbing HallOfLegendsSystem.compute() isCanonized() finds canonized player by id","status":"passed","title":"isCanonized() finds canonized player by id","duration":0.11054200000012315,"failureMessages":[],"meta":{},"tags":[]},{"ancestorTitles":["SPEC-166: Lineage & Legacy panel — data plumbing","HeritageTraitSystem.inherit()"],"fullName":"SPEC-166: Lineage & Legacy panel — data plumbing HeritageTraitSystem.inherit() returns base traits when hall is empty","status":"passed","title":"returns base traits when hall is empty","duration":0.3017090000000735,"failureMessages":[],"meta":{},"tags":[]},{"ancestorTitles":["SPEC-166: Lineage & Legacy panel — data plumbing","HeritageTraitSystem.inherit()"],"fullName":"SPEC-166: Lineage & Legacy panel — data plumbing HeritageTraitSystem.inherit() inheritance is deterministic with seed","status":"passed","title":"inheritance is deterministic with seed","duration":0.16129099999989194,"failureMessages":[],"meta":{},"tags":[]},{"ancestorTitles":["SPEC-166: Lineage & Legacy panel — data plumbing","HeritageTraitSystem.inherit()"],"fullName":"SPEC-166: Lineage & Legacy panel — data plumbing HeritageTraitSystem.inherit() inheritanceNarrative references legend name when inherited","status":"passed","title":"inheritanceNarrative references legend name when inherited","duration":0.08412500000008549,"failureMessages":[],"meta":{},"tags":[]},{"ancestorTitles":["SPEC-166: Lineage & Legacy panel — data plumbing","filterHumiliationEvents()"],"fullName":"SPEC-166: Lineage & Legacy panel — data plumbing filterHumiliationEvents() returns empty array for null/undefined/empty input","status":"passed","title":"returns empty array for null/undefined/empty input","duration":0.0885000000000673,"failureMessages":[],"meta":{},"tags":[]},{"ancestorTitles":["SPEC-166: Lineage & Legacy panel — data plumbing","filterHumiliationEvents()"],"fullName":"SPEC-166: Lineage & Legacy panel — data plumbing filterHumiliationEvents() keeps only events starting with 💀 or 🛡️","status":"passed","title":"keeps only events starting with 💀 or 🛡️","duration":0.13245800000004238,"failureMessages":[],"meta":{},"tags":[]},{"ancestorTitles":["SPEC-166: Lineage & Legacy panel — data plumbing","filterGrowthEvents()"],"fullName":"SPEC-166: Lineage & Legacy panel — data plumbing filterGrowthEvents() returns empty array for null/undefined/empty input","status":"passed","title":"returns empty array for null/undefined/empty input","duration":0.11525000000006003,"failureMessages":[],"meta":{},"tags":[]},{"ancestorTitles":["SPEC-166: Lineage & Legacy panel — data plumbing","filterGrowthEvents()"],"fullName":"SPEC-166: Lineage & Legacy panel — data plumbing filterGrowthEvents() keeps only events starting with ⭐ ⚡ 🔥 📈 💪 🧬","status":"passed","title":"keeps only events starting with ⭐ ⚡ 🔥 📈 💪 🧬","duration":0.13429199999995944,"failureMessages":[],"meta":{},"tags":[]},{"ancestorTitles":["SPEC-166: Lineage & Legacy panel — data plumbing","module import smoke"],"fullName":"SPEC-166: Lineage & Legacy panel — data plumbing module import smoke LineageView module exports default + named filters","status":"passed","title":"LineageView module exports default + named filters","duration":0.10712499999999636,"failureMessages":[],"meta":{},"tags":[]},{"ancestorTitles":["SPEC-166: Lineage & Legacy panel — data plumbing","engine integration — hallOfLegends after season"],"fullName":"SPEC-166: Lineage & Legacy panel — data plumbing engine integration — hallOfLegends after season engine.hallOfLegends is computed or remains null defensively","status":"passed","title":"engine.hallOfLegends is computed or remains null defensively","duration":0.15095900000005713,"failureMessages":[],"meta":{},"tags":[]},{"ancestorTitles":["SPEC-166: Lineage & Legacy panel — data plumbing","engine integration — hallOfLegends after season"],"fullName":"SPEC-166: Lineage & Legacy panel — data plumbing engine integration — hallOfLegends after season engine.weekEvents is always an array (current week)","status":"passed","title":"engine.weekEvents is always an array (current week)","duration":0.04587499999979627,"failureMessages":[],"meta":{},"tags":[]}],"startTime":1779009693397,"endTime":1779009694491.151,"status":"passed","message":"","name":"/Users/dudujarra/Documents/ELIFOOT/tests/integration/lineage-view-data.test.js"},{"assertionResults":[{"ancestorTitles":["SPEC-167: LLMNarrativeService — output shape"],"fullName":"SPEC-167: LLMNarrativeService — output shape postMatchAnalysis returns non-empty string >= 20 chars (rule 4)","status":"passed","title":"postMatchAnalysis returns non-empty string >= 20 chars (rule 4)","duration":1.2122080000000324,"failureMessages":[],"meta":{},"tags":[]},{"ancestorTitles":["SPEC-167: LLMNarrativeService — output shape"],"fullName":"SPEC-167: LLMNarrativeService — output shape managerAdvice returns advice string with formation hint (rule 4)","status":"passed","title":"managerAdvice returns advice string with formation hint (rule 4)","duration":0.24200000000001864,"failureMessages":[],"meta":{},"tags":[]},{"ancestorTitles":["SPEC-167: LLMNarrativeService — output shape"],"fullName":"SPEC-167: LLMNarrativeService — output shape boardReaction generates statement for each major event type (rule 4)","status":"passed","title":"boardReaction generates statement for each major event type (rule 4)","duration":0.29562500000002956,"failureMessages":[],"meta":{},"tags":[]},{"ancestorTitles":["SPEC-167: LLMNarrativeService — output shape"],"fullName":"SPEC-167: LLMNarrativeService — output shape handles empty/bad input gracefully (forbidden 1)","status":"passed","title":"handles empty/bad input gracefully (forbidden 1)","duration":0.10745900000000574,"failureMessages":[],"meta":{},"tags":[]},{"ancestorTitles":["SPEC-167: LLMNarrativeService — cache (rule 3)"],"fullName":"SPEC-167: LLMNarrativeService — cache (rule 3) same input returns identical output without re-running fallback","status":"passed","title":"same input returns identical output without re-running fallback","duration":0.10587499999996908,"failureMessages":[],"meta":{},"tags":[]},{"ancestorTitles":["SPEC-167: LLMNarrativeService — cache (rule 3)"],"fullName":"SPEC-167: LLMNarrativeService — cache (rule 3) cache caps at 100 entries (LRU)","status":"passed","title":"cache caps at 100 entries (LRU)","duration":0.4435839999999871,"failureMessages":[],"meta":{},"tags":[]},{"ancestorTitles":["SPEC-167: LLMNarrativeService — fallback (rule 2)"],"fullName":"SPEC-167: LLMNarrativeService — fallback (rule 2) falls back to template when LLM disabled (default)","status":"passed","title":"falls back to template when LLM disabled (default)","duration":0.09024999999996908,"failureMessages":[],"meta":{},"tags":[]},{"ancestorTitles":["SPEC-167: LLMNarrativeService — fallback (rule 2)"],"fullName":"SPEC-167: LLMNarrativeService — fallback (rule 2) falls back to template when bridge times out","status":"passed","title":"falls back to template when bridge times out","duration":81.73891699999996,"failureMessages":[],"meta":{},"tags":[]},{"ancestorTitles":["SPEC-167: LLMNarrativeService — fallback (rule 2)"],"fullName":"SPEC-167: LLMNarrativeService — fallback (rule 2) falls back to template when bridge throws","status":"passed","title":"falls back to template when bridge throws","duration":0.34233299999999645,"failureMessages":[],"meta":{},"tags":[]},{"ancestorTitles":["SPEC-167: LLMNarrativeService — fallback (rule 2)"],"fullName":"SPEC-167: LLMNarrativeService — fallback (rule 2) uses LLM reply when bridge ready and reply valid","status":"passed","title":"uses LLM reply when bridge ready and reply valid","duration":0.2375830000000292,"failureMessages":[],"meta":{},"tags":[]},{"ancestorTitles":["SPEC-167: LLMNarrativeService — fallback (rule 2)"],"fullName":"SPEC-167: LLMNarrativeService — fallback (rule 2) rejects too-short LLM reply and keeps template","status":"passed","title":"rejects too-short LLM reply and keeps template","duration":0.3919169999999781,"failureMessages":[],"meta":{},"tags":[]},{"ancestorTitles":["SPEC-167: LLMNarrativeService — non-blocking (rule 1)"],"fullName":"SPEC-167: LLMNarrativeService — non-blocking (rule 1) resolves in <= 200ms when bridge stalls and timeout is 80ms","status":"passed","title":"resolves in <= 200ms when bridge stalls and timeout is 80ms","duration":80.782083,"failureMessages":[],"meta":{},"tags":[]},{"ancestorTitles":["SPEC-167: LLMNarrativeService — non-blocking (rule 1)"],"fullName":"SPEC-167: LLMNarrativeService — non-blocking (rule 1) never throws on bad input","status":"passed","title":"never throws on bad input","duration":0.8489590000000362,"failureMessages":[],"meta":{},"tags":[]},{"ancestorTitles":["SPEC-167: LLMNarrativeService — determinism (rule 5)"],"fullName":"SPEC-167: LLMNarrativeService — determinism (rule 5) same input → same template (post-match)","status":"passed","title":"same input → same template (post-match)","duration":0.0665000000000191,"failureMessages":[],"meta":{},"tags":[]},{"ancestorTitles":["SPEC-167: LLMNarrativeService — determinism (rule 5)"],"fullName":"SPEC-167: LLMNarrativeService — determinism (rule 5) same input → same template (board)","status":"passed","title":"same input → same template (board)","duration":0.04450000000002774,"failureMessages":[],"meta":{},"tags":[]},{"ancestorTitles":["SPEC-167: LLMNarrativeService — determinism (rule 5)"],"fullName":"SPEC-167: LLMNarrativeService — determinism (rule 5) different inputs → variation across templates","status":"passed","title":"different inputs → variation across templates","duration":0.14424999999999955,"failureMessages":[],"meta":{},"tags":[]},{"ancestorTitles":["SPEC-167: LLMNarrativeService — BR-PT semantic correctness (forbidden 4)"],"fullName":"SPEC-167: LLMNarrativeService — BR-PT semantic correctness (forbidden 4) no literal placeholders leak","status":"passed","title":"no literal placeholders leak","duration":0.10962499999999409,"failureMessages":[],"meta":{},"tags":[]},{"ancestorTitles":["SPEC-167: LLMNarrativeService — BR-PT semantic correctness (forbidden 4)"],"fullName":"SPEC-167: LLMNarrativeService — BR-PT semantic correctness (forbidden 4) humiliation template differs from big-win template","status":"passed","title":"humiliation template differs from big-win template","duration":0.06741700000003448,"failureMessages":[],"meta":{},"tags":[]},{"ancestorTitles":["SPEC-167: LLMNarrativeService — BR-PT semantic correctness (forbidden 4)"],"fullName":"SPEC-167: LLMNarrativeService — BR-PT semantic correctness (forbidden 4) manager advice respects big underdog scenario","status":"passed","title":"manager advice respects big underdog scenario","duration":0.05633399999999256,"failureMessages":[],"meta":{},"tags":[]},{"ancestorTitles":["SPEC-167: engine integration (rule 6)"],"fullName":"SPEC-167: engine integration (rule 6) engine exposes llmNarrative service singleton","status":"passed","title":"engine exposes llmNarrative service singleton","duration":94.406791,"failureMessages":[],"meta":{},"tags":[]},{"ancestorTitles":["SPEC-167: engine integration (rule 6)"],"fullName":"SPEC-167: engine integration (rule 6) engine.lastMatchNarrative is null on fresh engine","status":"passed","title":"engine.lastMatchNarrative is null on fresh engine","duration":46.939583000000084,"failureMessages":[],"meta":{},"tags":[]},{"ancestorTitles":["SPEC-167: engine integration (rule 6)"],"fullName":"SPEC-167: engine integration (rule 6) engine.lastMatchNarrative gets populated after a played week","status":"passed","title":"engine.lastMatchNarrative gets populated after a played week","duration":272.57833300000004,"failureMessages":[],"meta":{},"tags":[]},{"ancestorTitles":["SPEC-167: engine integration (rule 6)"],"fullName":"SPEC-167: engine integration (rule 6) engine does NOT throw when llmNarrative cleared","status":"passed","title":"engine does NOT throw when llmNarrative cleared","duration":145.73837500000002,"failureMessages":[],"meta":{},"tags":[]},{"ancestorTitles":["SPEC-167: hash helper"],"fullName":"SPEC-167: hash helper fnv1aHash returns stable 32-bit unsigned integer","status":"passed","title":"fnv1aHash returns stable 32-bit unsigned integer","duration":0.1320419999999558,"failureMessages":[],"meta":{},"tags":[]},{"ancestorTitles":["SPEC-167: hash helper"],"fullName":"SPEC-167: hash helper different inputs produce different hashes (high prob.)","status":"passed","title":"different inputs produce different hashes (high prob.)","duration":0.06391599999994924,"failureMessages":[],"meta":{},"tags":[]}],"startTime":1779009694775,"endTime":1779009695503.132,"status":"passed","message":"","name":"/Users/dudujarra/Documents/ELIFOOT/tests/integration/llm-narrative-service.test.js"},{"assertionResults":[{"ancestorTitles":["MARL E2E Integration","Fase 1: OCEAN Personality System"],"fullName":"MARL E2E Integration Fase 1: OCEAN Personality System all 8 archetypes exist and have valid OCEAN","status":"passed","title":"all 8 archetypes exist and have valid OCEAN","duration":73.619833,"failureMessages":[],"meta":{},"tags":[]},{"ancestorTitles":["MARL E2E Integration","Fase 1: OCEAN Personality System"],"fullName":"MARL E2E Integration Fase 1: OCEAN Personality System generatePersonality produces unique outputs","status":"passed","title":"generatePersonality produces unique outputs","duration":39.04887500000001,"failureMessages":[],"meta":{},"tags":[]},{"ancestorTitles":["MARL E2E Integration","Fase 1: OCEAN Personality System"],"fullName":"MARL E2E Integration Fase 1: OCEAN Personality System suggestArchetypeForClub returns valid archetype","status":"passed","title":"suggestArchetypeForClub returns valid archetype","duration":34.37783400000001,"failureMessages":[],"meta":{},"tags":[]},{"ancestorTitles":["MARL E2E Integration","Fase 1: OCEAN Personality System"],"fullName":"MARL E2E Integration Fase 1: OCEAN Personality System checkIsTilted responds to stress correctly","status":"passed","title":"checkIsTilted responds to stress correctly","duration":35.68154199999998,"failureMessages":[],"meta":{},"tags":[]},{"ancestorTitles":["MARL E2E Integration","Fase 2: Emotional State Machine"],"fullName":"MARL E2E Integration Fase 2: Emotional State Machine EmotionalEngine initializes in CALM","status":"passed","title":"EmotionalEngine initializes in CALM","duration":35.224625,"failureMessages":[],"meta":{},"tags":[]},{"ancestorTitles":["MARL E2E Integration","Fase 2: Emotional State Machine"],"fullName":"MARL E2E Integration Fase 2: Emotional State Machine processes events and transitions","status":"passed","title":"processes events and transitions","duration":33.077541,"failureMessages":[],"meta":{},"tags":[]},{"ancestorTitles":["MARL E2E Integration","Fase 2: Emotional State Machine"],"fullName":"MARL E2E Integration Fase 2: Emotional State Machine getModifiers returns valid numbers","status":"passed","title":"getModifiers returns valid numbers","duration":34.378499999999974,"failureMessages":[],"meta":{},"tags":[]},{"ancestorTitles":["MARL E2E Integration","Fase 2: Emotional State Machine"],"fullName":"MARL E2E Integration Fase 2: Emotional State Machine serializes and restores correctly","status":"passed","title":"serializes and restores correctly","duration":32.039916999999946,"failureMessages":[],"meta":{},"tags":[]},{"ancestorTitles":["MARL E2E Integration","Fase 2: Emotional State Machine"],"fullName":"MARL E2E Integration Fase 2: Emotional State Machine summary returns flat data (no React crash)","status":"passed","title":"summary returns flat data (no React crash)","duration":34.083834000000024,"failureMessages":[],"meta":{},"tags":[]},{"ancestorTitles":["MARL E2E Integration","Fase 3: Prospect Theory Reward Shaping"],"fullName":"MARL E2E Integration Fase 3: Prospect Theory Reward Shaping losses hurt more than equivalent wins feel good","status":"passed","title":"losses hurt more than equivalent wins feel good","duration":36.08012499999995,"failureMessages":[],"meta":{},"tags":[]},{"ancestorTitles":["MARL E2E Integration","Fase 3: Prospect Theory Reward Shaping"],"fullName":"MARL E2E Integration Fase 3: Prospect Theory Reward Shaping emotionalLossMod amplifies loss pain","status":"passed","title":"emotionalLossMod amplifies loss pain","duration":31.57766700000002,"failureMessages":[],"meta":{},"tags":[]},{"ancestorTitles":["MARL E2E Integration","Fase 3: Prospect Theory Reward Shaping"],"fullName":"MARL E2E Integration Fase 3: Prospect Theory Reward Shaping relegation with emotional mod is devastating","status":"passed","title":"relegation with emotional mod is devastating","duration":33.19945800000005,"failureMessages":[],"meta":{},"tags":[]},{"ancestorTitles":["MARL E2E Integration","Fase 4: Engine Integration"],"fullName":"MARL E2E Integration Fase 4: Engine Integration AdaptiveBrain constructor works with archetype string","status":"passed","title":"AdaptiveBrain constructor works with archetype string","duration":31.04712500000005,"failureMessages":[],"meta":{},"tags":[]},{"ancestorTitles":["MARL E2E Integration","Fase 4: Engine Integration"],"fullName":"MARL E2E Integration Fase 4: Engine Integration brain.pickAction returns valid action","status":"passed","title":"brain.pickAction returns valid action","duration":34.45112500000005,"failureMessages":[],"meta":{},"tags":[]},{"ancestorTitles":["MARL E2E Integration","Fase 4: Engine Integration"],"fullName":"MARL E2E Integration Fase 4: Engine Integration brain.processMatchResult does not throw","status":"passed","title":"brain.processMatchResult does not throw","duration":32.04162500000007,"failureMessages":[],"meta":{},"tags":[]},{"ancestorTitles":["MARL E2E Integration","Fase 4: Engine Integration"],"fullName":"MARL E2E Integration Fase 4: Engine Integration brain.processSeasonEvent does not throw","status":"passed","title":"brain.processSeasonEvent does not throw","duration":33.93387500000006,"failureMessages":[],"meta":{},"tags":[]},{"ancestorTitles":["MARL E2E Integration","Fase 4: Engine Integration"],"fullName":"MARL E2E Integration Fase 4: Engine Integration encodeState produces compact string","status":"passed","title":"encodeState produces compact string","duration":31.929583999999977,"failureMessages":[],"meta":{},"tags":[]},{"ancestorTitles":["MARL E2E Integration","Fase 5: Cognitive Biases"],"fullName":"MARL E2E Integration Fase 5: Cognitive Biases applySunkCost creates floor above current value if purchase was high","status":"passed","title":"applySunkCost creates floor above current value if purchase was high","duration":34.49845800000003,"failureMessages":[],"meta":{},"tags":[]},{"ancestorTitles":["MARL E2E Integration","Fase 5: Cognitive Biases"],"fullName":"MARL E2E Integration Fase 5: Cognitive Biases applyEndowment inflates own player value","status":"passed","title":"applyEndowment inflates own player value","duration":34.57966699999997,"failureMessages":[],"meta":{},"tags":[]},{"ancestorTitles":["MARL E2E Integration","Fase 5: Cognitive Biases"],"fullName":"MARL E2E Integration Fase 5: Cognitive Biases applyHerdBehavior returns 1.0 with no transfers","status":"passed","title":"applyHerdBehavior returns 1.0 with no transfers","duration":31.872874999999908,"failureMessages":[],"meta":{},"tags":[]},{"ancestorTitles":["MARL E2E Integration","Fase 5: Cognitive Biases"],"fullName":"MARL E2E Integration Fase 5: Cognitive Biases applyScarcityPanic increases near window end","status":"passed","title":"applyScarcityPanic increases near window end","duration":36.43354099999999,"failureMessages":[],"meta":{},"tags":[]},{"ancestorTitles":["MARL E2E Integration","Fase 5: Cognitive Biases"],"fullName":"MARL E2E Integration Fase 5: Cognitive Biases applyRecencyBias modulates by last match stats","status":"passed","title":"applyRecencyBias modulates by last match stats","duration":33.497041999999965,"failureMessages":[],"meta":{},"tags":[]},{"ancestorTitles":["MARL E2E Integration","Fase 5: Cognitive Biases"],"fullName":"MARL E2E Integration Fase 5: Cognitive Biases applyBuyBiases returns structured result","status":"passed","title":"applyBuyBiases returns structured result","duration":35.768416999999886,"failureMessages":[],"meta":{},"tags":[]},{"ancestorTitles":["MARL E2E Integration","Fase 5: Cognitive Biases"],"fullName":"MARL E2E Integration Fase 5: Cognitive Biases applySellBiases returns minAcceptable","status":"passed","title":"applySellBiases returns minAcceptable","duration":33.4017080000001,"failureMessages":[],"meta":{},"tags":[]},{"ancestorTitles":["MARL E2E Integration","Fase 6: Multi-Agent Integration"],"fullName":"MARL E2E Integration Fase 6: Multi-Agent Integration engine assigns brains to all NPC teams","status":"passed","title":"engine assigns brains to all NPC teams","duration":35.69483400000013,"failureMessages":[],"meta":{},"tags":[]},{"ancestorTitles":["MARL E2E Integration","Fase 6: Multi-Agent Integration"],"fullName":"MARL E2E Integration Fase 6: Multi-Agent Integration each NPC brain has unique personality","status":"passed","title":"each NPC brain has unique personality","duration":35.43287499999997,"failureMessages":[],"meta":{},"tags":[]},{"ancestorTitles":["MARL E2E Integration","Fase 6: Multi-Agent Integration"],"fullName":"MARL E2E Integration Fase 6: Multi-Agent Integration NPC brains have EmotionalEngine attached","status":"passed","title":"NPC brains have EmotionalEngine attached","duration":33.470792000000074,"failureMessages":[],"meta":{},"tags":[]},{"ancestorTitles":["MARL E2E Integration","Fase 6: Multi-Agent Integration"],"fullName":"MARL E2E Integration Fase 6: Multi-Agent Integration npcTacticDecision returns valid tactic","status":"passed","title":"npcTacticDecision returns valid tactic","duration":35.628375000000005,"failureMessages":[],"meta":{},"tags":[]},{"ancestorTitles":["MARL E2E Integration","Fase 6: Multi-Agent Integration"],"fullName":"MARL E2E Integration Fase 6: Multi-Agent Integration npcFeedMatchResult does not throw","status":"passed","title":"npcFeedMatchResult does not throw","duration":37.9375,"failureMessages":[],"meta":{},"tags":[]},{"ancestorTitles":["MARL E2E Integration","Fase 6: Multi-Agent Integration"],"fullName":"MARL E2E Integration Fase 6: Multi-Agent Integration buildNpcStateCtx returns valid context","status":"passed","title":"buildNpcStateCtx returns valid context","duration":40.638958999999886,"failureMessages":[],"meta":{},"tags":[]},{"ancestorTitles":["MARL E2E Integration","Fase 6: Multi-Agent Integration"],"fullName":"MARL E2E Integration Fase 6: Multi-Agent Integration countStreak works correctly","status":"passed","title":"countStreak works correctly","duration":41.613333999999895,"failureMessages":[],"meta":{},"tags":[]},{"ancestorTitles":["MARL E2E Integration","Fase 6: Multi-Agent Integration"],"fullName":"MARL E2E Integration Fase 6: Multi-Agent Integration shouldUseFullBrain filters by division proximity","status":"passed","title":"shouldUseFullBrain filters by division proximity","duration":38.383542000000034,"failureMessages":[],"meta":{},"tags":[]},{"ancestorTitles":["MARL E2E Integration","Fase 6: Multi-Agent Integration"],"fullName":"MARL E2E Integration Fase 6: Multi-Agent Integration AIDirector tick returns valid modifiers","status":"passed","title":"AIDirector tick returns valid modifiers","duration":36.159042,"failureMessages":[],"meta":{},"tags":[]},{"ancestorTitles":["MARL E2E Integration","Fase 6: Multi-Agent Integration"],"fullName":"MARL E2E Integration Fase 6: Multi-Agent Integration AIDirector serializes and restores","status":"passed","title":"AIDirector serializes and restores","duration":32.937208000000055,"failureMessages":[],"meta":{},"tags":[]},{"ancestorTitles":["MARL E2E Integration","Full Season Simulation with MARL"],"fullName":"MARL E2E Integration Full Season Simulation with MARL engine.advanceWeek() runs 38 weeks without crashing","status":"passed","title":"engine.advanceWeek() runs 38 weeks without crashing","duration":877.653583,"failureMessages":[],"meta":{},"tags":[]},{"ancestorTitles":["MARL E2E Integration","Full Season Simulation with MARL"],"fullName":"MARL E2E Integration Full Season Simulation with MARL NPC brains accumulate updates over a season","status":"passed","title":"NPC brains accumulate updates over a season","duration":800.4239159999997,"failureMessages":[],"meta":{},"tags":[]},{"ancestorTitles":["MARL E2E Integration","Full Season Simulation with MARL"],"fullName":"MARL E2E Integration Full Season Simulation with MARL NPC emotional states change during season","status":"passed","title":"NPC emotional states change during season","duration":786.863875,"failureMessages":[],"meta":{},"tags":[]},{"ancestorTitles":["MARL E2E Integration","Full Season Simulation with MARL"],"fullName":"MARL E2E Integration Full Season Simulation with MARL season rollover (startNewSeason) works with MARL brains","status":"passed","title":"season rollover (startNewSeason) works with MARL brains","duration":755.6643749999998,"failureMessages":[],"meta":{},"tags":[]},{"ancestorTitles":["MARL E2E Integration","Full Season Simulation with MARL"],"fullName":"MARL E2E Integration Full Season Simulation with MARL two full seasons complete without crash","status":"passed","title":"two full seasons complete without crash","duration":1560.3904579999999,"failureMessages":[],"meta":{},"tags":[]}],"startTime":1779009656826,"endTime":1779009662831.3904,"status":"passed","message":"","name":"/Users/dudujarra/Documents/ELIFOOT/tests/integration/marl-e2e.test.js"},{"assertionResults":[{"ancestorTitles":["SeasonHistory Strategic Data"],"fullName":"SeasonHistory Strategic Data seasonHistory has entries for each season","status":"passed","title":"seasonHistory has entries for each season","duration":1.352458999999726,"failureMessages":[],"meta":{},"tags":[]},{"ancestorTitles":["SeasonHistory Strategic Data"],"fullName":"SeasonHistory Strategic Data each entry has division field as number","status":"passed","title":"each entry has division field as number","duration":0.5165420000012091,"failureMessages":[],"meta":{},"tags":[]},{"ancestorTitles":["SeasonHistory Strategic Data"],"fullName":"SeasonHistory Strategic Data each entry has position > 0","status":"failed","title":"each entry has position > 0","duration":3.5265420000014274,"failureMessages":["AssertionError: expected 0 to be greater than 0\n    at /Users/dudujarra/Documents/ELIFOOT/tests/integration/seasonhistory-data.test.js:90:32\n    at Array.forEach (<anonymous>)\n    at /Users/dudujarra/Documents/ELIFOOT/tests/integration/seasonhistory-data.test.js:89:38\n    at file:///Users/dudujarra/Documents/ELIFOOT/node_modules/@vitest/runner/dist/chunk-artifact.js:302:11\n    at file:///Users/dudujarra/Documents/ELIFOOT/node_modules/@vitest/runner/dist/chunk-artifact.js:1903:26\n    at file:///Users/dudujarra/Documents/ELIFOOT/node_modules/@vitest/runner/dist/chunk-artifact.js:2326:20\n    at new Promise (<anonymous>)\n    at runWithCancel (file:///Users/dudujarra/Documents/ELIFOOT/node_modules/@vitest/runner/dist/chunk-artifact.js:2323:10)\n    at file:///Users/dudujarra/Documents/ELIFOOT/node_modules/@vitest/runner/dist/chunk-artifact.js:2305:20\n    at new Promise (<anonymous>)"],"meta":{},"tags":[]},{"ancestorTitles":["SeasonHistory Strategic Data"],"fullName":"SeasonHistory Strategic Data each entry has numeric balance","status":"passed","title":"each entry has numeric balance","duration":0.27850000000034925,"failureMessages":[],"meta":{},"tags":[]},{"ancestorTitles":["SeasonHistory Strategic Data"],"fullName":"SeasonHistory Strategic Data each entry has promoted/relegated booleans","status":"passed","title":"each entry has promoted/relegated booleans","duration":0.3327919999992446,"failureMessages":[],"meta":{},"tags":[]},{"ancestorTitles":["SeasonHistory Strategic Data"],"fullName":"SeasonHistory Strategic Data each entry has squadSize > 0","status":"passed","title":"each entry has squadSize > 0","duration":0.19604199999957928,"failureMessages":[],"meta":{},"tags":[]},{"ancestorTitles":["SeasonHistory Strategic Data"],"fullName":"SeasonHistory Strategic Data each entry has loanActive boolean","status":"passed","title":"each entry has loanActive boolean","duration":0.20887500000026193,"failureMessages":[],"meta":{},"tags":[]},{"ancestorTitles":["SeasonHistory Strategic Data"],"fullName":"SeasonHistory Strategic Data each entry has tournamentData array","status":"passed","title":"each entry has tournamentData array","duration":0.17354099999829486,"failureMessages":[],"meta":{},"tags":[]}],"startTime":1779009686332,"endTime":1779009686339.1736,"status":"failed","message":"","name":"/Users/dudujarra/Documents/ELIFOOT/tests/integration/seasonhistory-data.test.js"},{"assertionResults":[{"ancestorTitles":["🧪 Snapshot Pipeline: 50 Seasons (Sanity)"],"fullName":"🧪 Snapshot Pipeline: 50 Seasons (Sanity) valida estrutura, economia e saúde da engine em 50 temporadas","status":"passed","title":"valida estrutura, economia e saúde da engine em 50 temporadas","duration":36008.972333000005,"failureMessages":[],"meta":{},"tags":[]}],"startTime":1779009586294,"endTime":1779009622302.9724,"status":"passed","message":"","name":"/Users/dudujarra/Documents/ELIFOOT/tests/integration/snapshot-50seasons-lab.test.js"},{"assertionResults":[{"ancestorTitles":["SPEC-168: State Cham
[...]
nts/ELIFOOT/tests/specs/audit-phase2-guards.test.js:16:9\n    at file:///Users/dudujarra/Documents/ELIFOOT/node_modules/@vitest/runner/dist/chunk-artifact.js:302:11\n    at file:///Users/dudujarra/Documents/ELIFOOT/node_modules/@vitest/runner/dist/chunk-artifact.js:1903:26\n    at file:///Users/dudujarra/Documents/ELIFOOT/node_modules/@vitest/runner/dist/chunk-artifact.js:2326:20\n    at new Promise (<anonymous>)\n    at runWithCancel (file:///Users/dudujarra/Documents/ELIFOOT/node_modules/@vitest/runner/dist/chunk-artifact.js:2323:10)\n    at file:///Users/dudujarra/Documents/ELIFOOT/node_modules/@vitest/runner/dist/chunk-artifact.js:2305:20\n    at new Promise (<anonymous>)\n    at runWithTimeout (file:///Users/dudujarra/Documents/ELIFOOT/node_modules/@vitest/runner/dist/chunk-artifact.js:2272:10)\n    at file:///Users/dudujarra/Documents/ELIFOOT/node_modules/@vitest/runner/dist/chunk-artifact.js:2955:64"],"meta":{},"tags":[]},{"ancestorTitles":["BUG-F2-01: updateForm division-by-zero guard"],"fullName":"BUG-F2-01: updateForm division-by-zero guard updateForm handles first call correctly (no NaN)","status":"failed","title":"updateForm handles first call correctly (no NaN)","duration":0.22283299999999429,"failureMessages":["TypeError: (0 , __vite_ssr_import_1__.updateForm) is not a function\n    at /Users/dudujarra/Documents/ELIFOOT/tests/specs/audit-phase2-guards.test.js:22:9\n    at file:///Users/dudujarra/Documents/ELIFOOT/node_modules/@vitest/runner/dist/chunk-artifact.js:302:11\n    at file:///Users/dudujarra/Documents/ELIFOOT/node_modules/@vitest/runner/dist/chunk-artifact.js:1903:26\n    at file:///Users/dudujarra/Documents/ELIFOOT/node_modules/@vitest/runner/dist/chunk-artifact.js:2326:20\n    at new Promise (<anonymous>)\n    at runWithCancel (file:///Users/dudujarra/Documents/ELIFOOT/node_modules/@vitest/runner/dist/chunk-artifact.js:2323:10)\n    at file:///Users/dudujarra/Documents/ELIFOOT/node_modules/@vitest/runner/dist/chunk-artifact.js:2305:20\n    at new Promise (<anonymous>)\n    at runWithTimeout (file:///Users/dudujarra/Documents/ELIFOOT/node_modules/@vitest/runner/dist/chunk-artifact.js:2272:10)\n    at file:///Users/dudujarra/Documents/ELIFOOT/node_modules/@vitest/runner/dist/chunk-artifact.js:2955:64"],"meta":{},"tags":[]},{"ancestorTitles":["BUG-F2-01: updateForm division-by-zero guard"],"fullName":"BUG-F2-01: updateForm division-by-zero guard updateForm generates consistent trend over 5 results","status":"failed","title":"updateForm generates consistent trend over 5 results","duration":0.14254199999999173,"failureMessages":["TypeError: (0 , __vite_ssr_import_1__.updateForm) is not a function\n    at /Users/dudujarra/Documents/ELIFOOT/tests/specs/audit-phase2-guards.test.js:30:9\n    at file:///Users/dudujarra/Documents/ELIFOOT/node_modules/@vitest/runner/dist/chunk-artifact.js:302:11\n    at file:///Users/dudujarra/Documents/ELIFOOT/node_modules/@vitest/runner/dist/chunk-artifact.js:1903:26\n    at file:///Users/dudujarra/Documents/ELIFOOT/node_modules/@vitest/runner/dist/chunk-artifact.js:2326:20\n    at new Promise (<anonymous>)\n    at runWithCancel (file:///Users/dudujarra/Documents/ELIFOOT/node_modules/@vitest/runner/dist/chunk-artifact.js:2323:10)\n    at file:///Users/dudujarra/Documents/ELIFOOT/node_modules/@vitest/runner/dist/chunk-artifact.js:2305:20\n    at new Promise (<anonymous>)\n    at runWithTimeout (file:///Users/dudujarra/Documents/ELIFOOT/node_modules/@vitest/runner/dist/chunk-artifact.js:2272:10)\n    at file:///Users/dudujarra/Documents/ELIFOOT/node_modules/@vitest/runner/dist/chunk-artifact.js:2955:64"],"meta":{},"tags":[]},{"ancestorTitles":["BUG-F2-01: updateForm division-by-zero guard"],"fullName":"BUG-F2-01: updateForm division-by-zero guard cold trend on bad streak","status":"failed","title":"cold trend on bad streak","duration":0.11912500000001103,"failureMessages":["TypeError: (0 , __vite_ssr_import_1__.updateForm) is not a function\n    at /Users/dudujarra/Documents/ELIFOOT/tests/specs/audit-phase2-guards.test.js:41:9\n    at file:///Users/dudujarra/Documents/ELIFOOT/node_modules/@vitest/runner/dist/chunk-artifact.js:302:11\n    at file:///Users/dudujarra/Documents/ELIFOOT/node_modules/@vitest/runner/dist/chunk-artifact.js:1903:26\n    at file:///Users/dudujarra/Documents/ELIFOOT/node_modules/@vitest/runner/dist/chunk-artifact.js:2326:20\n    at new Promise (<anonymous>)\n    at runWithCancel (file:///Users/dudujarra/Documents/ELIFOOT/node_modules/@vitest/runner/dist/chunk-artifact.js:2323:10)\n    at file:///Users/dudujarra/Documents/ELIFOOT/node_modules/@vitest/runner/dist/chunk-artifact.js:2305:20\n    at new Promise (<anonymous>)\n    at runWithTimeout (file:///Users/dudujarra/Documents/ELIFOOT/node_modules/@vitest/runner/dist/chunk-artifact.js:2272:10)\n    at file:///Users/dudujarra/Documents/ELIFOOT/node_modules/@vitest/runner/dist/chunk-artifact.js:2955:64"],"meta":{},"tags":[]},{"ancestorTitles":["BUG-F2-01: updateForm division-by-zero guard"],"fullName":"BUG-F2-01: updateForm division-by-zero guard getFormModifier returns correct values","status":"failed","title":"getFormModifier returns correct values","duration":0.18283399999999972,"failureMessages":["TypeError: (0 , __vite_ssr_import_1__.getFormModifier) is not a function\n    at /Users/dudujarra/Documents/ELIFOOT/tests/specs/audit-phase2-guards.test.js:51:16\n    at file:///Users/dudujarra/Documents/ELIFOOT/node_modules/@vitest/runner/dist/chunk-artifact.js:302:11\n    at file:///Users/dudujarra/Documents/ELIFOOT/node_modules/@vitest/runner/dist/chunk-artifact.js:1903:26\n    at file:///Users/dudujarra/Documents/ELIFOOT/node_modules/@vitest/runner/dist/chunk-artifact.js:2326:20\n    at new Promise (<anonymous>)\n    at runWithCancel (file:///Users/dudujarra/Documents/ELIFOOT/node_modules/@vitest/runner/dist/chunk-artifact.js:2323:10)\n    at file:///Users/dudujarra/Documents/ELIFOOT/node_modules/@vitest/runner/dist/chunk-artifact.js:2305:20\n    at new Promise (<anonymous>)\n    at runWithTimeout (file:///Users/dudujarra/Documents/ELIFOOT/node_modules/@vitest/runner/dist/chunk-artifact.js:2272:10)\n    at file:///Users/dudujarra/Documents/ELIFOOT/node_modules/@vitest/runner/dist/chunk-artifact.js:2955:64"],"meta":{},"tags":[]},{"ancestorTitles":["BUG-F2-01: updateForm division-by-zero guard"],"fullName":"BUG-F2-01: updateForm division-by-zero guard form array capped at 5 entries","status":"failed","title":"form array capped at 5 entries","duration":0.10679099999998698,"failureMessages":["TypeError: (0 , __vite_ssr_import_1__.updateForm) is not a function\n    at /Users/dudujarra/Documents/ELIFOOT/tests/specs/audit-phase2-guards.test.js:59:38\n    at file:///Users/dudujarra/Documents/ELIFOOT/node_modules/@vitest/runner/dist/chunk-artifact.js:302:11\n    at file:///Users/dudujarra/Documents/ELIFOOT/node_modules/@vitest/runner/dist/chunk-artifact.js:1903:26\n    at file:///Users/dudujarra/Documents/ELIFOOT/node_modules/@vitest/runner/dist/chunk-artifact.js:2326:20\n    at new Promise (<anonymous>)\n    at runWithCancel (file:///Users/dudujarra/Documents/ELIFOOT/node_modules/@vitest/runner/dist/chunk-artifact.js:2323:10)\n    at file:///Users/dudujarra/Documents/ELIFOOT/node_modules/@vitest/runner/dist/chunk-artifact.js:2305:20\n    at new Promise (<anonymous>)\n    at runWithTimeout (file:///Users/dudujarra/Documents/ELIFOOT/node_modules/@vitest/runner/dist/chunk-artifact.js:2272:10)\n    at file:///Users/dudujarra/Documents/ELIFOOT/node_modules/@vitest/runner/dist/chunk-artifact.js:2955:64"],"meta":{},"tags":[]},{"ancestorTitles":["BUG-F2-03: _ambitionTransferRequests cap"],"fullName":"BUG-F2-03: _ambitionTransferRequests cap WeekProcessor caps at 20 entries","status":"passed","title":"WeekProcessor caps at 20 entries","duration":0.6012920000000008,"failureMessages":[],"meta":{},"tags":[]}],"startTime":1779009585174,"endTime":1779009585177.6013,"status":"failed","message":"","name":"/Users/dudujarra/Documents/ELIFOOT/tests/specs/audit-phase2-guards.test.js"},{"assertionResults":[{"ancestorTitles":["MatchBonusSystem (Bicho)"],"fullName":"MatchBonusSystem (Bicho) has 4 tiers (none, small, medium, large)","status":"passed","title":"has 4 tiers (none, small, medium, large)","duration":1.6157090000000096,"failureMessages":[],"meta":{},"tags":[]},{"ancestorTitles":["MatchBonusSystem (Bicho)"],"fullName":"MatchBonusSystem (Bicho) setMatchBonus(\"none\") sets null pending","status":"passed","title":"setMatchBonus(\"none\") sets null pending","duration":0.513542000000001,"failureMessages":[],"meta":{},"tags":[]},{"ancestorTitles":["MatchBonusSystem (Bicho)"],"fullName":"MatchBonusSystem (Bicho) setMatchBonus(\"small\") sets pending and applies moral boost","status":"passed","title":"setMatchBonus(\"small\") sets pending and applies moral boost","duration":0.26216599999997925,"failureMessages":[],"meta":{},"tags":[]},{"ancestorTitles":["MatchBonusSystem (Bicho)"],"fullName":"MatchBonusSystem (Bicho) rejects bicho if balance insufficient","status":"passed","title":"rejects bicho if balance insufficient","duration":0.15266699999997968,"failureMessages":[],"meta":{},"tags":[]},{"ancestorTitles":["MatchBonusSystem (Bicho)"],"fullName":"MatchBonusSystem (Bicho) getMatchBonusBuff returns 1.0 when no bicho","status":"passed","title":"getMatchBonusBuff returns 1.0 when no bicho","duration":0.09175000000001887,"failureMessages":[],"meta":{},"tags":[]},{"ancestorTitles":["MatchBonusSystem (Bicho)"],"fullName":"MatchBonusSystem (Bicho) getMatchBonusBuff returns > 1.0 when bicho active","status":"passed","title":"getMatchBonusBuff returns > 1.0 when bicho active","duration":0.0978330000000085,"failureMessages":[],"meta":{},"tags":[]},{"ancestorTitles":["MatchBonusSystem (Bicho)"],"fullName":"MatchBonusSystem (Bicho) settleMatchBonus on WIN debits balance","status":"passed","title":"settleMatchBonus on WIN debits balance","duration":0.17045800000002487,"failureMessages":[],"meta":{},"tags":[]},{"ancestorTitles":["MatchBonusSystem (Bicho)"],"fullName":"MatchBonusSystem (Bicho) settleMatchBonus on LOSS applies frustration but does NOT debit","status":"passed","title":"settleMatchBonus on LOSS applies frustration but does NOT debit","duration":0.10866699999999696,"failureMessages":[],"meta":{},"tags":[]},{"ancestorTitles":["MatchBonusSystem (Bicho)"],"fullName":"MatchBonusSystem (Bicho) reverts previous moral boost when switching tiers","status":"passed","title":"reverts previous moral boost when switching tiers","duration":0.321708000000001,"failureMessages":[],"meta":{},"tags":[]},{"ancestorTitles":["TicketPricingSystem"],"fullName":"TicketPricingSystem has 3 policies (cheap, normal, expensive)","status":"passed","title":"has 3 policies (cheap, normal, expensive)","duration":0.17937499999999318,"failureMessages":[],"meta":{},"tags":[]},{"ancestorTitles":["TicketPricingSystem"],"fullName":"TicketPricingSystem default policy is normal","status":"passed","title":"default policy is normal","duration":0.08229200000002379,"failureMessages":[],"meta":{},"tags":[]},{"ancestorTitles":["TicketPricingSystem"],"fullName":"TicketPricingSystem setTicketPolicy changes policy","status":"passed","title":"setTicketPolicy changes policy","duration":0.07583300000001714,"failureMessages":[],"meta":{},"tags":[]},{"ancestorTitles":["TicketPricingSystem"],"fullName":"TicketPricingSystem cheap policy increases attendance and home advantage","status":"passed","title":"cheap policy increases attendance and home advantage","duration":0.10341700000000742,"failureMessages":[],"meta":{},"tags":[]},{"ancestorTitles":["TicketPricingSystem"],"fullName":"TicketPricingSystem expensive policy increases revenue but decreases attendance","status":"passed","title":"expensive policy increases revenue but decreases attendance","duration":0.06870900000001257,"failureMessages":[],"meta":{},"tags":[]},{"ancestorTitles":["TicketPricingSystem"],"fullName":"TicketPricingSystem moral boost: cheap=+1, normal=0, expensive=-1","status":"passed","title":"moral boost: cheap=+1, normal=0, expensive=-1","duration":0.06325000000001069,"failureMessages":[],"meta":{},"tags":[]},{"ancestorTitles":["TicketPricingSystem"],"fullName":"TicketPricingSystem rejects invalid policy","status":"passed","title":"rejects invalid policy","duration":0.03608300000001918,"failureMessages":[],"meta":{},"tags":[]},{"ancestorTitles":["StarAuctionSystem"],"fullName":"StarAuctionSystem requiresAuction for OVR >= 78","status":"passed","title":"requiresAuction for OVR >= 78","duration":0.07775000000000887,"failureMessages":[],"meta":{},"tags":[]},{"ancestorTitles":["StarAuctionSystem"],"fullName":"StarAuctionSystem requiresAuction for isSuper or isWonderkid","status":"passed","title":"requiresAuction for isSuper or isWonderkid","duration":0.05550000000002342,"failureMessages":[],"meta":{},"tags":[]},{"ancestorTitles":["StarAuctionSystem"],"fullName":"StarAuctionSystem starts auction successfully","status":"passed","title":"starts auction successfully","duration":0.1875,"failureMessages":[],"meta":{},"tags":[]},{"ancestorTitles":["StarAuctionSystem"],"fullName":"StarAuctionSystem rejects auction if already at max","status":"passed","title":"rejects auction if already at max","duration":0.060000000000002274,"failureMessages":[],"meta":{},"tags":[]},{"ancestorTitles":["StarAuctionSystem"],"fullName":"StarAuctionSystem raiseBid increases manager bid","status":"passed","title":"raiseBid increases manager bid","duration":0.11712499999998727,"failureMessages":[],"meta":{},"tags":[]},{"ancestorTitles":["StarAuctionSystem"],"fullName":"StarAuctionSystem raiseBid rejects lower bid","status":"passed","title":"raiseBid rejects lower bid","duration":0.060875000000010004,"failureMessages":[],"meta":{},"tags":[]},{"ancestorTitles":["StarAuctionSystem"],"fullName":"StarAuctionSystem resolveAuctions does nothing before deadline","status":"passed","title":"resolveAuctions does nothing before deadline","duration":0.15083299999997735,"failureMessages":[],"meta":{},"tags":[]},{"ancestorTitles":["StarAuctionSystem"],"fullName":"StarAuctionSystem resolveAuctions resolves after deadline","status":"passed","title":"resolveAuctions resolves after deadline","duration":0.078125,"failureMessages":[],"meta":{},"tags":[]},{"ancestorTitles":["StarAuctionSystem"],"fullName":"StarAuctionSystem getActiveAuctions returns list","status":"passed","title":"getActiveAuctions returns list","duration":0.10854199999999992,"failureMessages":[],"meta":{},"tags":[]},{"ancestorTitles":["DisciplineSystem"],"fullName":"DisciplineSystem increments yellow cards","status":"passed","title":"increments yellow cards","duration":0.07649999999998158,"failureMessages":[],"meta":{},"tags":[]},{"ancestorTitles":["DisciplineSystem"],"fullName":"DisciplineSystem suspends after 3 yellows","status":"passed","title":"suspends after 3 yellows","duration":0.053541999999993095,"failureMessages":[],"meta":{},"tags":[]},{"ancestorTitles":["DisciplineSystem"],"fullName":"DisciplineSystem suspends on red card","status":"passed","title":"suspends on red card","duration":0.03649999999998954,"failureMessages":[],"meta":{},"tags":[]},{"ancestorTitles":["DisciplineSystem"],"fullName":"DisciplineSystem ignores cards for other teams","status":"passed","title":"ignores cards for other teams","duration":0.035959000000019614,"failureMessages":[],"meta":{},"tags":[]},{"ancestorTitles":["DisciplineSystem"],"fullName":"DisciplineSystem decrementSuspensions reduces count","status":"passed","title":"decrementSuspensions reduces count","duration":0.05945799999997803,"failureMessages":[],"meta":{},"tags":[]},{"ancestorTitles":["DisciplineSystem"],"fullName":"DisciplineSystem handles null/empty input gracefully","status":"passed","title":"handles null/empty input gracefully","duration":0.025542000000001508,"failureMessages":[],"meta":{},"tags":[]},{"ancestorTitles":["Elifoot Classic Cross-System Integration"],"fullName":"Elifoot Classic Cross-System Integration engine exposes all classic APIs","status":"passed","title":"engine exposes all classic APIs","duration":0.09958299999999554,"failureMessages":[],"meta":{},"tags":[]},{"ancestorTitles":["Elifoot Classic Cross-System Integration"],"fullName":"Elifoot Classic Cross-System Integration classic state fields initialized","status":"passed","title":"classic state fields initialized","duration":0.05375000000000796,"failureMessages":[],"meta":{},"tags":[]},{"ancestorTitles":["Elifoot Classic Cross-System Integration"],"fullName":"Elifoot Classic Cross-System Integration bicho + ticket can coexist","status":"passed","title":"bicho + ticket can coexist","duration":0.05320799999998371,"failureMessages":[],"meta":{},"tags":[]}],"startTime":1779009705271,"endTime":1779009705277.0532,"status":"passed","message":"","name":"/Users/dudujarra/Documents/ELIFOOT/tests/specs/elifoot-classic-audit.test.js"},{"assertionResults":[{"ancestorTitles":["Loan System"],"fullName":"Loan System getLoanOptions returns options when no active loan","status":"passed","title":"getLoanOptions returns options when no active loan","duration":77.7465,"failureMessages":[],"meta":{},"tags":[]},{"ancestorTitles":["Loan System"],"fullName":"Loan System takeLoan adds money to team balance","status":"passed","title":"takeLoan adds money to team balance","duration":43.89504100000005,"failureMessages":[],"meta":{},"tags":[]},{"ancestorTitles":["Loan System"],"fullName":"Loan System cannot take second loan while one is active","status":"passed","title":"cannot take second loan while one is active","duration":33.928292,"failureMessages":[],"meta":{},"tags":[]},{"ancestorTitles":["Loan System"],"fullName":"Loan System processLoanPayment deducts weekly installment","status":"passed","title":"processLoanPayment deducts weekly installment","duration":35.95566600000001,"failureMessages":[],"meta":{},"tags":[]},{"ancestorTitles":["Loan System"],"fullName":"Loan System loan is cleared when all payments made","status":"passed","title":"loan is cleared when all payments made","duration":36.356667000000016,"failureMessages":[],"meta":{},"tags":[]},{"ancestorTitles":["Loan System"],"fullName":"Loan System payOffLoan clears loan immediately","status":"passed","title":"payOffLoan clears loan immediately","duration":36.340832999999975,"failureMessages":[],"meta":{},"tags":[]},{"ancestorTitles":["Loan System"],"fullName":"Loan System payOffLoan fails if balance insufficient","status":"passed","title":"payOffLoan fails if balance insufficient","duration":35.13291700000002,"failureMessages":[],"meta":{},"tags":[]}],"startTime":1779009700239,"endTime":1779009700538.1328,"status":"passed","message":"","name":"/Users/dudujarra/Documents/ELIFOOT/tests/specs/loan-system.test.js"},{"assertionResults":[{"ancestorTitles":["AKITA-126 Playstyle Mechanics"],"fullName":"AKITA-126 Playstyle Mechanics Should correctly distribute cards based on temperament","status":"passed","title":"Should correctly distribute cards based on temperament","duration":73.053584,"failureMessages":[],"meta":{},"tags":[]}],"startTime":1779009703098,"endTime":1779009703171.0535,"status":"passed","message":"","name":"/Users/dudujarra/Documents/ELIFOOT/tests/specs/playstyles.test.js"},{"assertionResults":[{"ancestorTitles":["Tournament State Reset"],"fullName":"Tournament State Reset KnockoutCup.init resets phase index and winner","status":"passed","title":"KnockoutCup.init resets phase index and winner","duration":1.0874999999999915,"failureMessages":[],"meta":{},"tags":[]},{"ancestorTitles":["Tournament State Reset"],"fullName":"Tournament State Reset ContinentalCup.init resets groups, phase, and knockout state","status":"passed","title":"ContinentalCup.init resets groups, phase, and knockout state","duration":0.3107080000000053,"failureMessages":[],"meta":{},"tags":[]}],"startTime":1779009714233,"endTime":1779009714234.3108,"status":"passed","message":"","name":"/Users/dudujarra/Documents/ELIFOOT/tests/specs/tournament-reset.test.js"}]}
